Build started 24/02/2015 16:30:03.
     1>Project "D:\Master\DataMining\thesis\mfsputc(1030)\mfsputc.vcxproj" on node 2 (Build target(s)).
       Project file contains ToolsVersion="12.0". This toolset may be unknown or missing, in which case you may be able to resolve this by installing the appropriate version of MSBuild, or the build may have been forced to a particular ToolsVersion for policy reasons. Treating the project as if it had ToolsVersion="4.0". For more information, please see http://go.microsoft.com/fwlink/?LinkId=291333.
     1>InitializeBuildStatus:
         Touching ".\Debug\mfsputc.unsuccessfulbuild".
       ClCompile:
         C:\Program Files (x86)\Microsoft Visual Studio 11.0\VC\bin\CL.exe /c /ZI /nologo /W3 /WX- /Od /Oy- /D WIN32 /D _DEBUG /D _CONSOLE /D _VC80_UPGRADE=0x0600 /D _MBCS /D _CRT_SECURE_NO_WARNINGS /Gm /EHsc /RTC1 /MTd /GS /Gy- /fp:precise /Zc:wchar_t /Zc:forScope /Fo".\Debug\\" /Fd".\Debug\vc110.pdb" /FR".\Debug\\" /Gd /TP /analyze- /errorReport:prompt SequentialDatabase.cpp mfsputc.cpp
         mfsputc.cpp
     1>d:\master\datamining\thesis\mfsputc(1030)\mfsputc.cpp(46): warning C4101: 'timeinfo' : unreferenced local variable
         SequentialDatabase.cpp
     1>d:\master\datamining\thesis\mfsputc(1030)\sequentialdatabase.cpp(55): warning C4018: '<' : signed/unsigned mismatch
     1>d:\master\datamining\thesis\mfsputc(1030)\sequentialdatabase.cpp(71): warning C4018: '<' : signed/unsigned mismatch
     1>d:\master\datamining\thesis\mfsputc(1030)\sequentialdatabase.cpp(74): warning C4018: '<' : signed/unsigned mismatch
     1>d:\master\datamining\thesis\mfsputc(1030)\sequentialdatabase.cpp(87): warning C4018: '<' : signed/unsigned mismatch
     1>d:\master\datamining\thesis\mfsputc(1030)\sequentialdatabase.cpp(96): warning C4018: '<' : signed/unsigned mismatch
     1>d:\master\datamining\thesis\mfsputc(1030)\sequentialdatabase.cpp(120): warning C4018: '<' : signed/unsigned mismatch
     1>d:\master\datamining\thesis\mfsputc(1030)\sequentialdatabase.cpp(125): warning C4018: '<' : signed/unsigned mismatch
     1>d:\master\datamining\thesis\mfsputc(1030)\sequentialdatabase.cpp(144): warning C4018: '<' : signed/unsigned mismatch
     1>d:\master\datamining\thesis\mfsputc(1030)\sequentialdatabase.cpp(159): warning C4018: '<' : signed/unsigned mismatch
     1>d:\master\datamining\thesis\mfsputc(1030)\sequentialdatabase.cpp(174): warning C4018: '<' : signed/unsigned mismatch
     1>d:\master\datamining\thesis\mfsputc(1030)\sequentialdatabase.cpp(119): warning C4101: 'end' : unreferenced local variable
     1>d:\master\datamining\thesis\mfsputc(1030)\sequentialdatabase.cpp(119): warning C4101: 'start' : unreferenced local variable
     1>d:\master\datamining\thesis\mfsputc(1030)\sequentialdatabase.cpp(200): warning C4018: '<' : signed/unsigned mismatch
     1>d:\master\datamining\thesis\mfsputc(1030)\sequentialdatabase.cpp(204): warning C4018: '<' : signed/unsigned mismatch
     1>d:\master\datamining\thesis\mfsputc(1030)\sequentialdatabase.cpp(209): warning C4018: '<' : signed/unsigned mismatch
     1>d:\master\datamining\thesis\mfsputc(1030)\sequentialdatabase.cpp(231): warning C4018: '<' : signed/unsigned mismatch
     1>d:\master\datamining\thesis\mfsputc(1030)\sequentialdatabase.cpp(235): warning C4018: '<' : signed/unsigned mismatch
     1>d:\master\datamining\thesis\mfsputc(1030)\sequentialdatabase.cpp(243): warning C4018: '<' : signed/unsigned mismatch
     1>d:\master\datamining\thesis\mfsputc(1030)\sequentialdatabase.cpp(265): warning C4018: '<' : signed/unsigned mismatch
     1>d:\master\datamining\thesis\mfsputc(1030)\sequentialdatabase.cpp(269): warning C4018: '<' : signed/unsigned mismatch
     1>d:\master\datamining\thesis\mfsputc(1030)\sequentialdatabase.cpp(286): warning C4018: '<' : signed/unsigned mismatch
     1>d:\master\datamining\thesis\mfsputc(1030)\sequentialdatabase.cpp(301): warning C4018: '<' : signed/unsigned mismatch
     1>d:\master\datamining\thesis\mfsputc(1030)\sequentialdatabase.cpp(324): warning C4018: '<' : signed/unsigned mismatch
     1>d:\master\datamining\thesis\mfsputc(1030)\sequentialdatabase.cpp(343): warning C4018: '<' : signed/unsigned mismatch
     1>d:\master\datamining\thesis\mfsputc(1030)\sequentialdatabase.cpp(368): warning C4018: '<' : signed/unsigned mismatch
     1>d:\master\datamining\thesis\mfsputc(1030)\sequentialdatabase.cpp(376): warning C4018: '<' : signed/unsigned mismatch
     1>d:\master\datamining\thesis\mfsputc(1030)\sequentialdatabase.cpp(385): warning C4018: '<' : signed/unsigned mismatch
     1>d:\master\datamining\thesis\mfsputc(1030)\sequentialdatabase.cpp(390): warning C4018: '<' : signed/unsigned mismatch
     1>d:\master\datamining\thesis\mfsputc(1030)\sequentialdatabase.cpp(412): warning C4018: '<' : signed/unsigned mismatch
     1>d:\master\datamining\thesis\mfsputc(1030)\sequentialdatabase.cpp(418): warning C4018: '<' : signed/unsigned mismatch
     1>d:\master\datamining\thesis\mfsputc(1030)\sequentialdatabase.cpp(427): warning C4018: '<' : signed/unsigned mismatch
     1>d:\master\datamining\thesis\mfsputc(1030)\sequentialdatabase.cpp(435): warning C4018: '<' : signed/unsigned mismatch
     1>d:\master\datamining\thesis\mfsputc(1030)\sequentialdatabase.cpp(461): warning C4018: '<' : signed/unsigned mismatch
     1>d:\master\datamining\thesis\mfsputc(1030)\sequentialdatabase.cpp(467): warning C4018: '<' : signed/unsigned mismatch
     1>d:\master\datamining\thesis\mfsputc(1030)\sequentialdatabase.cpp(477): warning C4018: '<' : signed/unsigned mismatch
     1>d:\master\datamining\thesis\mfsputc(1030)\sequentialdatabase.cpp(494): warning C4018: '<' : signed/unsigned mismatch
     1>d:\master\datamining\thesis\mfsputc(1030)\sequentialdatabase.cpp(509): warning C4018: '<' : signed/unsigned mismatch
     1>d:\master\datamining\thesis\mfsputc(1030)\sequentialdatabase.cpp(534): warning C4018: '<' : signed/unsigned mismatch
     1>d:\master\datamining\thesis\mfsputc(1030)\sequentialdatabase.cpp(545): warning C4018: '<' : signed/unsigned mismatch
     1>d:\master\datamining\thesis\mfsputc(1030)\sequentialdatabase.cpp(548): warning C4018: '<' : signed/unsigned mismatch
     1>d:\master\datamining\thesis\mfsputc(1030)\sequentialdatabase.cpp(578): warning C4018: '<' : signed/unsigned mismatch
     1>d:\master\datamining\thesis\mfsputc(1030)\sequentialdatabase.cpp(582): warning C4018: '<' : signed/unsigned mismatch
     1>d:\master\datamining\thesis\mfsputc(1030)\sequentialdatabase.cpp(601): warning C4018: '<' : signed/unsigned mismatch
     1>d:\master\datamining\thesis\mfsputc(1030)\sequentialdatabase.cpp(609): warning C4018: '<' : signed/unsigned mismatch
     1>d:\master\datamining\thesis\mfsputc(1030)\sequentialdatabase.cpp(642): warning C4018: '<' : signed/unsigned mismatch
     1>d:\master\datamining\thesis\mfsputc(1030)\sequentialdatabase.cpp(645): warning C4018: '<' : signed/unsigned mismatch
     1>d:\master\datamining\thesis\mfsputc(1030)\sequentialdatabase.cpp(677): warning C4018: '<' : signed/unsigned mismatch
     1>d:\master\datamining\thesis\mfsputc(1030)\sequentialdatabase.cpp(686): warning C4018: '<' : signed/unsigned mismatch
     1>d:\master\datamining\thesis\mfsputc(1030)\sequentialdatabase.cpp(689): warning C4018: '<' : signed/unsigned mismatch
     1>d:\master\datamining\thesis\mfsputc(1030)\sequentialdatabase.cpp(703): warning C4018: '<' : signed/unsigned mismatch
     1>d:\master\datamining\thesis\mfsputc(1030)\sequentialdatabase.cpp(720): warning C4018: '<' : signed/unsigned mismatch
     1>d:\master\datamining\thesis\mfsputc(1030)\sequentialdatabase.cpp(737): warning C4018: '<' : signed/unsigned mismatch
     1>d:\master\datamining\thesis\mfsputc(1030)\sequentialdatabase.cpp(752): warning C4018: '<' : signed/unsigned mismatch
     1>d:\master\datamining\thesis\mfsputc(1030)\sequentialdatabase.cpp(838): warning C4018: '<' : signed/unsigned mismatch
     1>d:\master\datamining\thesis\mfsputc(1030)\sequentialdatabase.cpp(846): warning C4018: '<' : signed/unsigned mismatch
     1>d:\master\datamining\thesis\mfsputc(1030)\sequentialdatabase.cpp(955): warning C4244: '=' : conversion from 'double' to 'int', possible loss of data
     1>d:\master\datamining\thesis\mfsputc(1030)\sequentialdatabase.cpp(959): warning C4018: '<' : signed/unsigned mismatch
     1>d:\master\datamining\thesis\mfsputc(1030)\sequentialdatabase.cpp(961): warning C4018: '<' : signed/unsigned mismatch
     1>d:\master\datamining\thesis\mfsputc(1030)\sequentialdatabase.cpp(971): warning C4018: '<' : signed/unsigned mismatch
     1>d:\master\datamining\thesis\mfsputc(1030)\sequentialdatabase.cpp(1034): warning C4018: '<' : signed/unsigned mismatch
     1>d:\master\datamining\thesis\mfsputc(1030)\sequentialdatabase.cpp(1037): warning C4018: '<' : signed/unsigned mismatch
     1>d:\master\datamining\thesis\mfsputc(1030)\sequentialdatabase.cpp(1056): warning C4018: '<' : signed/unsigned mismatch
     1>d:\master\datamining\thesis\mfsputc(1030)\sequentialdatabase.cpp(1077): warning C4018: '<' : signed/unsigned mismatch
     1>d:\master\datamining\thesis\mfsputc(1030)\sequentialdatabase.cpp(1098): warning C4018: '<' : signed/unsigned mismatch
     1>d:\master\datamining\thesis\mfsputc(1030)\sequentialdatabase.cpp(1118): warning C4018: '<' : signed/unsigned mismatch
     1>d:\master\datamining\thesis\mfsputc(1030)\sequentialdatabase.cpp(1138): warning C4018: '<' : signed/unsigned mismatch
     1>d:\master\datamining\thesis\mfsputc(1030)\sequentialdatabase.cpp(1152): warning C4018: '<' : signed/unsigned mismatch
     1>d:\master\datamining\thesis\mfsputc(1030)\sequentialdatabase.cpp(1164): warning C4018: '<' : signed/unsigned mismatch
     1>d:\master\datamining\thesis\mfsputc(1030)\sequentialdatabase.cpp(1168): warning C4018: '<' : signed/unsigned mismatch
     1>d:\master\datamining\thesis\mfsputc(1030)\sequentialdatabase.cpp(1170): warning C4018: '<' : signed/unsigned mismatch
         Generating Code...
       Link:
         C:\Program Files (x86)\Microsoft Visual Studio 11.0\VC\bin\link.exe /ERRORREPORT:PROMPT /OUT:".\Debug\mfsputc.exe" /INCREMENTAL /NOLOGO odbc32.lib odbccp32.lib kernel32.lib user32.lib gdi32.lib winspool.lib comdlg32.lib advapi32.lib shell32.lib ole32.lib oleaut32.lib uuid.lib odbc32.lib odbccp32.lib /MANIFEST /MANIFESTUAC:"level='asInvoker' uiAccess='false'" /manifest:embed /DEBUG /PDB:".\Debug\mfsputc.pdb" /SUBSYSTEM:CONSOLE /TLBID:1 /DYNAMICBASE /NXCOMPAT /IMPLIB:".\Debug\mfsputc.lib" /MACHINE:X86 /SAFESEH:NO .\Debug\Element.obj
         .\Debug\frequencyPattern.obj
         .\Debug\frequentSequence.obj
         .\Debug\mfsputc.obj
         .\Debug\Sequential.obj
         .\Debug\SequentialDatabase.obj
         .\Debug\TimeIntervalRecord.obj
         .\Debug\TimeIntervalRecord1.obj
         .\Debug\TimeLine.obj
         .\Debug\Transaction.obj
         mfsputc.vcxproj -> D:\Master\DataMining\thesis\mfsputc(1030)\.\Debug\mfsputc.exe
       BscMake:
         C:\Program Files (x86)\Microsoft Visual Studio 11.0\VC\bin\bscmake.exe /nologo /o".\Debug\mfsputc.bsc" .\Debug\Element.sbr .\Debug\frequencyPattern.sbr .\Debug\frequentSequence.sbr .\Debug\mfsputc.sbr .\Debug\Sequential.sbr .\Debug\SequentialDatabase.sbr .\Debug\TimeIntervalRecord.sbr .\Debug\TimeIntervalRecord1.sbr .\Debug\TimeLine.sbr .\Debug\Transaction.sbr
       FinalizeBuildStatus:
         Deleting file ".\Debug\mfsputc.unsuccessfulbuild".
         Touching ".\Debug\mfsputc.lastbuildstate".
     1>Done Building Project "D:\Master\DataMining\thesis\mfsputc(1030)\mfsputc.vcxproj" (Build target(s)).

Build succeeded.

Time Elapsed 00:00:01.79
