Build started 03/03/2015 21:07:44.
     1>Project "D:\Master\DataMining\thesis\CTSP\CTSP.vcxproj" on node 2 (Rebuild target(s)).
       Project file contains ToolsVersion="12.0". This toolset may be unknown or missing, in which case you may be able to resolve this by installing the appropriate version of MSBuild, or the build may have been forced to a particular ToolsVersion for policy reasons. Treating the project as if it had ToolsVersion="4.0". For more information, please see http://go.microsoft.com/fwlink/?LinkId=291333.
     1>_PrepareForClean:
         Deleting file ".\Release\CTSP.lastbuildstate".
       InitializeBuildStatus:
         Creating ".\Release\CTSP.unsuccessfulbuild" because "AlwaysCreate" was specified.
       ClCompile:
         C:\Program Files (x86)\Microsoft Visual Studio 11.0\VC\bin\CL.exe /c /Zi /nologo /W3 /WX- /O2 /Oy- /D WIN32 /D NDEBUG /D _CONSOLE /D _VC80_UPGRADE=0x0600 /D _MBCS /D _CRT_SECURE_NO_WARNINGS /GF /Gm- /EHsc /MT /GS /Gy /fp:precise /Zc:wchar_t /Zc:forScope /Fo".\Release\\" /Fd".\Release\vc110.pdb" /Gd /TP /analyze- /errorReport:prompt frequencyItem.cpp ctsp.cpp Sequential.cpp SequentialDatabase.cpp TimeIntervalRecord.cpp TimeIntervalRecord1.cpp TimeLine.cpp Transaction.cpp
         frequencyItem.cpp
     1>frequencyItem.cpp(30): warning C4018: '<' : signed/unsigned mismatch
         ctsp.cpp
         Sequential.cpp
         SequentialDatabase.cpp
     1>SequentialDatabase.cpp(26): warning C4018: '<' : signed/unsigned mismatch
     1>SequentialDatabase.cpp(47): warning C4018: '<' : signed/unsigned mismatch
     1>SequentialDatabase.cpp(71): warning C4018: '<' : signed/unsigned mismatch
     1>SequentialDatabase.cpp(75): warning C4018: '<' : signed/unsigned mismatch
     1>SequentialDatabase.cpp(80): warning C4018: '<' : signed/unsigned mismatch
     1>SequentialDatabase.cpp(98): warning C4018: '<' : signed/unsigned mismatch
     1>SequentialDatabase.cpp(102): warning C4018: '<' : signed/unsigned mismatch
     1>SequentialDatabase.cpp(107): warning C4018: '<' : signed/unsigned mismatch
     1>SequentialDatabase.cpp(125): warning C4018: '<' : signed/unsigned mismatch
     1>SequentialDatabase.cpp(129): warning C4018: '<' : signed/unsigned mismatch
     1>SequentialDatabase.cpp(145): warning C4018: '<' : signed/unsigned mismatch
     1>SequentialDatabase.cpp(157): warning C4018: '<' : signed/unsigned mismatch
     1>SequentialDatabase.cpp(177): warning C4018: '<' : signed/unsigned mismatch
     1>SequentialDatabase.cpp(193): warning C4018: '<' : signed/unsigned mismatch
     1>SequentialDatabase.cpp(197): warning C4018: '<' : signed/unsigned mismatch
     1>SequentialDatabase.cpp(207): warning C4018: '<' : signed/unsigned mismatch
     1>SequentialDatabase.cpp(231): warning C4018: '<' : signed/unsigned mismatch
     1>SequentialDatabase.cpp(236): warning C4018: '<' : signed/unsigned mismatch
     1>SequentialDatabase.cpp(241): warning C4018: '<' : signed/unsigned mismatch
     1>SequentialDatabase.cpp(259): warning C4018: '<' : signed/unsigned mismatch
     1>SequentialDatabase.cpp(263): warning C4018: '<' : signed/unsigned mismatch
     1>SequentialDatabase.cpp(268): warning C4018: '<' : signed/unsigned mismatch
     1>SequentialDatabase.cpp(287): warning C4018: '<' : signed/unsigned mismatch
     1>SequentialDatabase.cpp(291): warning C4018: '<' : signed/unsigned mismatch
     1>SequentialDatabase.cpp(309): warning C4018: '<' : signed/unsigned mismatch
     1>SequentialDatabase.cpp(324): warning C4018: '<' : signed/unsigned mismatch
     1>SequentialDatabase.cpp(339): warning C4018: '<' : signed/unsigned mismatch
     1>SequentialDatabase.cpp(363): warning C4018: '<' : signed/unsigned mismatch
     1>SequentialDatabase.cpp(380): warning C4018: '<' : signed/unsigned mismatch
     1>SequentialDatabase.cpp(385): warning C4018: '<' : signed/unsigned mismatch
     1>SequentialDatabase.cpp(392): warning C4018: '<' : signed/unsigned mismatch
     1>SequentialDatabase.cpp(409): warning C4018: '<' : signed/unsigned mismatch
     1>SequentialDatabase.cpp(416): warning C4018: '<' : signed/unsigned mismatch
     1>SequentialDatabase.cpp(429): warning C4018: '<' : signed/unsigned mismatch
     1>SequentialDatabase.cpp(432): warning C4018: '<' : signed/unsigned mismatch
     1>SequentialDatabase.cpp(437): warning C4018: '<' : signed/unsigned mismatch
     1>SequentialDatabase.cpp(446): warning C4018: '<' : signed/unsigned mismatch
     1>SequentialDatabase.cpp(452): warning C4018: '<' : signed/unsigned mismatch
     1>SequentialDatabase.cpp(473): warning C4018: '<' : signed/unsigned mismatch
     1>SequentialDatabase.cpp(475): warning C4018: '<' : signed/unsigned mismatch
     1>SequentialDatabase.cpp(480): warning C4018: '<' : signed/unsigned mismatch
     1>SequentialDatabase.cpp(489): warning C4018: '<' : signed/unsigned mismatch
     1>SequentialDatabase.cpp(495): warning C4018: '<' : signed/unsigned mismatch
     1>SequentialDatabase.cpp(521): warning C4018: '<' : signed/unsigned mismatch
     1>SequentialDatabase.cpp(523): warning C4018: '<' : signed/unsigned mismatch
     1>SequentialDatabase.cpp(528): warning C4018: '<' : signed/unsigned mismatch
     1>SequentialDatabase.cpp(537): warning C4018: '<' : signed/unsigned mismatch
     1>SequentialDatabase.cpp(567): warning C4018: '<' : signed/unsigned mismatch
     1>SequentialDatabase.cpp(588): warning C4018: '<' : signed/unsigned mismatch
     1>SequentialDatabase.cpp(621): warning C4018: '<' : signed/unsigned mismatch
     1>SequentialDatabase.cpp(630): warning C4018: '<' : signed/unsigned mismatch
     1>SequentialDatabase.cpp(726): warning C4018: '<' : signed/unsigned mismatch
     1>SequentialDatabase.cpp(728): warning C4018: '<' : signed/unsigned mismatch
     1>SequentialDatabase.cpp(730): warning C4018: '<' : signed/unsigned mismatch
     1>SequentialDatabase.cpp(740): warning C4018: '<' : signed/unsigned mismatch
     1>SequentialDatabase.cpp(773): warning C4018: '<' : signed/unsigned mismatch
     1>SequentialDatabase.cpp(776): warning C4018: '<' : signed/unsigned mismatch
     1>SequentialDatabase.cpp(787): warning C4244: '=' : conversion from 'double' to 'int', possible loss of data
         TimeIntervalRecord.cpp
         TimeIntervalRecord1.cpp
         TimeLine.cpp
         Transaction.cpp
         Generating Code...
       Link:
         C:\Program Files (x86)\Microsoft Visual Studio 11.0\VC\bin\link.exe /ERRORREPORT:PROMPT /OUT:".\Release\CTSP.exe" /INCREMENTAL:NO /NOLOGO odbc32.lib odbccp32.lib kernel32.lib user32.lib gdi32.lib winspool.lib comdlg32.lib advapi32.lib shell32.lib ole32.lib oleaut32.lib uuid.lib odbc32.lib odbccp32.lib /MANIFEST /MANIFESTUAC:"level='asInvoker' uiAccess='false'" /manifest:embed /PDB:".\Release\CTSP.pdb" /SUBSYSTEM:CONSOLE /TLBID:1 /DYNAMICBASE /NXCOMPAT /IMPLIB:".\Release\CTSP.lib" /MACHINE:X86 /SAFESEH .\Release\frequencyItem.obj
         .\Release\ctsp.obj
         .\Release\Sequential.obj
         .\Release\SequentialDatabase.obj
         .\Release\TimeIntervalRecord.obj
         .\Release\TimeIntervalRecord1.obj
         .\Release\TimeLine.obj
         .\Release\Transaction.obj
         CTSP.vcxproj -> D:\Master\DataMining\thesis\CTSP\.\Release\CTSP.exe
       FinalizeBuildStatus:
         Deleting file ".\Release\CTSP.unsuccessfulbuild".
         Touching ".\Release\CTSP.lastbuildstate".
     1>Done Building Project "D:\Master\DataMining\thesis\CTSP\CTSP.vcxproj" (Rebuild target(s)).

Build succeeded.

Time Elapsed 00:00:02.47
