Build started 3/15/2015 9:09:14 PM.
     1>Project "D:\MASTER\ImageProcessing\GFKM7\GFKM7.vcxproj" on node 2 (Rebuild target(s)).
     1>CudaClean:
         cmd.exe /C "C:\Users\TRUNG\AppData\Local\Temp\tmp05572b206361412a8b77cb1447959415.cmd"
         "C:\Program Files\NVIDIA GPU Computing Toolkit\CUDA\v7.0\bin\nvcc.exe" -ccbin "C:\Program Files (x86)\Microsoft Visual Studio 11.0\VC\bin"  -I"C:\Program Files\NVIDIA GPU Computing Toolkit\CUDA\v7.0\include" -I"C:\Program Files\NVIDIA GPU Computing Toolkit\CUDA\v7.0\include"     --keep-dir Release -maxrregcount=0  --machine 32 --compile     -use_fast_math -DWIN32 -DNDEBUG -D_CONSOLE -D_MBCS -D_CRT_SECURE_NO_WARNINGS -Xcompiler "/EHsc /W3 /nologo /O2 /Zi  /MD  " -o Release\GFKM.cu.obj "D:\MASTER\ImageProcessing\GFKM7\GFKM.cu" -clean
         
         D:\MASTER\ImageProcessing\GFKM7>"C:\Program Files\NVIDIA GPU Computing Toolkit\CUDA\v7.0\bin\nvcc.exe" -ccbin "C:\Program Files (x86)\Microsoft Visual Studio 11.0\VC\bin"  -I"C:\Program Files\NVIDIA GPU Computing Toolkit\CUDA\v7.0\include" -I"C:\Program Files\NVIDIA GPU Computing Toolkit\CUDA\v7.0\include"     --keep-dir Release -maxrregcount=0  --machine 32 --compile     -use_fast_math -DWIN32 -DNDEBUG -D_CONSOLE -D_MBCS -D_CRT_SECURE_NO_WARNINGS -Xcompiler "/EHsc /W3 /nologo /O2 /Zi  /MD  " -o Release\GFKM.cu.obj "D:\MASTER\ImageProcessing\GFKM7\GFKM.cu" -clean 
         GFKM.cu
       CudaClean:
         cmd.exe /C "C:\Users\TRUNG\AppData\Local\Temp\tmpa5f27114580c4e82aefae37a0cc71f2e.cmd"
         "C:\Program Files\NVIDIA GPU Computing Toolkit\CUDA\v7.0\bin\nvcc.exe" -ccbin "C:\Program Files (x86)\Microsoft Visual Studio 11.0\VC\bin"  -I"C:\Program Files\NVIDIA GPU Computing Toolkit\CUDA\v7.0\include" -I"C:\Program Files\NVIDIA GPU Computing Toolkit\CUDA\v7.0\include"     --keep-dir Release -maxrregcount=0  --machine 32 --compile     -use_fast_math -DWIN32 -DNDEBUG -D_CONSOLE -D_MBCS -D_CRT_SECURE_NO_WARNINGS -Xcompiler "/EHsc /W3 /nologo /O2 /Zi  /MD  " -o Release\Main.cu.obj "D:\MASTER\ImageProcessing\GFKM7\Main.cu" -clean
         
         D:\MASTER\ImageProcessing\GFKM7>"C:\Program Files\NVIDIA GPU Computing Toolkit\CUDA\v7.0\bin\nvcc.exe" -ccbin "C:\Program Files (x86)\Microsoft Visual Studio 11.0\VC\bin"  -I"C:\Program Files\NVIDIA GPU Computing Toolkit\CUDA\v7.0\include" -I"C:\Program Files\NVIDIA GPU Computing Toolkit\CUDA\v7.0\include"     --keep-dir Release -maxrregcount=0  --machine 32 --compile     -use_fast_math -DWIN32 -DNDEBUG -D_CONSOLE -D_MBCS -D_CRT_SECURE_NO_WARNINGS -Xcompiler "/EHsc /W3 /nologo /O2 /Zi  /MD  " -o Release\Main.cu.obj "D:\MASTER\ImageProcessing\GFKM7\Main.cu" -clean 
         Main.cu
       CudaClean:
         cmd.exe /C "C:\Users\TRUNG\AppData\Local\Temp\tmpaafc14ec2827425895a488cf224d2fb1.cmd"
         "C:\Program Files\NVIDIA GPU Computing Toolkit\CUDA\v7.0\bin\nvcc.exe" -ccbin "C:\Program Files (x86)\Microsoft Visual Studio 11.0\VC\bin"  -I"C:\Program Files\NVIDIA GPU Computing Toolkit\CUDA\v7.0\include" -I"C:\Program Files\NVIDIA GPU Computing Toolkit\CUDA\v7.0\include"     --keep-dir Release -maxrregcount=0  --machine 32 --compile     -use_fast_math -DWIN32 -DNDEBUG -D_CONSOLE -D_MBCS -D_CRT_SECURE_NO_WARNINGS -Xcompiler "/EHsc /W3 /nologo /O2 /Zi  /MD  " -o Release\TimingGPU.cu.obj "D:\MASTER\ImageProcessing\GFKM7\TimingGPU.cu" -clean
         
         D:\MASTER\ImageProcessing\GFKM7>"C:\Program Files\NVIDIA GPU Computing Toolkit\CUDA\v7.0\bin\nvcc.exe" -ccbin "C:\Program Files (x86)\Microsoft Visual Studio 11.0\VC\bin"  -I"C:\Program Files\NVIDIA GPU Computing Toolkit\CUDA\v7.0\include" -I"C:\Program Files\NVIDIA GPU Computing Toolkit\CUDA\v7.0\include"     --keep-dir Release -maxrregcount=0  --machine 32 --compile     -use_fast_math -DWIN32 -DNDEBUG -D_CONSOLE -D_MBCS -D_CRT_SECURE_NO_WARNINGS -Xcompiler "/EHsc /W3 /nologo /O2 /Zi  /MD  " -o Release\TimingGPU.cu.obj "D:\MASTER\ImageProcessing\GFKM7\TimingGPU.cu" -clean 
         TimingGPU.cu
       AddCudaCompileDeps:
         C:\Program Files (x86)\Microsoft Visual Studio 11.0\VC\bin\cl.exe /E /nologo /showIncludes /TP /D__CUDACC__ /DWIN32 /DNDEBUG /D_CONSOLE /D_MBCS /D_CRT_SECURE_NO_WARNINGS /I"C:\Program Files\NVIDIA GPU Computing Toolkit\CUDA\v7.0\include" /I"C:\Program Files\NVIDIA GPU Computing Toolkit\CUDA\v7.0\bin" /I"C:\Program Files\NVIDIA GPU Computing Toolkit\CUDA\v7.0\include" /I. /FIcuda_runtime.h /c D:\MASTER\ImageProcessing\GFKM7\GFKM.cu 
       AddCudaCompileDeps:
         C:\Program Files (x86)\Microsoft Visual Studio 11.0\VC\bin\cl.exe /E /nologo /showIncludes /TP /D__CUDACC__ /DWIN32 /DNDEBUG /D_CONSOLE /D_MBCS /D_CRT_SECURE_NO_WARNINGS /I"C:\Program Files\NVIDIA GPU Computing Toolkit\CUDA\v7.0\include" /I"C:\Program Files\NVIDIA GPU Computing Toolkit\CUDA\v7.0\bin" /I"C:\Program Files\NVIDIA GPU Computing Toolkit\CUDA\v7.0\include" /I. /FIcuda_runtime.h /c D:\MASTER\ImageProcessing\GFKM7\Main.cu 
       AddCudaCompileDeps:
         C:\Program Files (x86)\Microsoft Visual Studio 11.0\VC\bin\cl.exe /E /nologo /showIncludes /TP /D__CUDACC__ /DWIN32 /DNDEBUG /D_CONSOLE /D_MBCS /D_CRT_SECURE_NO_WARNINGS /I"C:\Program Files\NVIDIA GPU Computing Toolkit\CUDA\v7.0\include" /I"C:\Program Files\NVIDIA GPU Computing Toolkit\CUDA\v7.0\bin" /I"C:\Program Files\NVIDIA GPU Computing Toolkit\CUDA\v7.0\include" /I. /FIcuda_runtime.h /c D:\MASTER\ImageProcessing\GFKM7\TimingGPU.cu 
       CudaBuild:
         Compiling CUDA source file GFKM.cu...
         cmd.exe /C "C:\Users\TRUNG\AppData\Local\Temp\tmp157c42adf1194ce691e88299ad33280f.cmd"
         "C:\Program Files\NVIDIA GPU Computing Toolkit\CUDA\v7.0\bin\nvcc.exe" -gencode=arch=compute_30,code=\"sm_30,compute_30\" --use-local-env --cl-version 2012 -ccbin "C:\Program Files (x86)\Microsoft Visual Studio 11.0\VC\bin"  -I"C:\Program Files\NVIDIA GPU Computing Toolkit\CUDA\v7.0\include" -I"C:\Program Files\NVIDIA GPU Computing Toolkit\CUDA\v7.0\include"     --keep-dir Release -maxrregcount=0  --machine 32 --compile -cudart static    -use_fast_math -DWIN32 -DNDEBUG -D_CONSOLE -D_MBCS -D_CRT_SECURE_NO_WARNINGS -Xcompiler "/EHsc /W3 /nologo /O2 /Zi  /MD  " -o Release\GFKM.cu.obj "D:\MASTER\ImageProcessing\GFKM7\GFKM.cu"
         
         D:\MASTER\ImageProcessing\GFKM7>"C:\Program Files\NVIDIA GPU Computing Toolkit\CUDA\v7.0\bin\nvcc.exe" -gencode=arch=compute_30,code=\"sm_30,compute_30\" --use-local-env --cl-version 2012 -ccbin "C:\Program Files (x86)\Microsoft Visual Studio 11.0\VC\bin"  -I"C:\Program Files\NVIDIA GPU Computing Toolkit\CUDA\v7.0\include" -I"C:\Program Files\NVIDIA GPU Computing Toolkit\CUDA\v7.0\include"     --keep-dir Release -maxrregcount=0  --machine 32 --compile -cudart static    -use_fast_math -DWIN32 -DNDEBUG -D_CONSOLE -D_MBCS -D_CRT_SECURE_NO_WARNINGS -Xcompiler "/EHsc /W3 /nologo /O2 /Zi  /MD  " -o Release\GFKM.cu.obj "D:\MASTER\ImageProcessing\GFKM7\GFKM.cu" 
         GFKM.cu
       CudaBuild:
         Compiling CUDA source file Main.cu...
         cmd.exe /C "C:\Users\TRUNG\AppData\Local\Temp\tmpc8262fe928c54a34abdfcd8410baee03.cmd"
         "C:\Program Files\NVIDIA GPU Computing Toolkit\CUDA\v7.0\bin\nvcc.exe" -gencode=arch=compute_30,code=\"sm_30,compute_30\" --use-local-env --cl-version 2012 -ccbin "C:\Program Files (x86)\Microsoft Visual Studio 11.0\VC\bin"  -I"C:\Program Files\NVIDIA GPU Computing Toolkit\CUDA\v7.0\include" -I"C:\Program Files\NVIDIA GPU Computing Toolkit\CUDA\v7.0\include"     --keep-dir Release -maxrregcount=0  --machine 32 --compile -cudart static    -use_fast_math -DWIN32 -DNDEBUG -D_CONSOLE -D_MBCS -D_CRT_SECURE_NO_WARNINGS -Xcompiler "/EHsc /W3 /nologo /O2 /Zi  /MD  " -o Release\Main.cu.obj "D:\MASTER\ImageProcessing\GFKM7\Main.cu"
         
         D:\MASTER\ImageProcessing\GFKM7>"C:\Program Files\NVIDIA GPU Computing Toolkit\CUDA\v7.0\bin\nvcc.exe" -gencode=arch=compute_30,code=\"sm_30,compute_30\" --use-local-env --cl-version 2012 -ccbin "C:\Program Files (x86)\Microsoft Visual Studio 11.0\VC\bin"  -I"C:\Program Files\NVIDIA GPU Computing Toolkit\CUDA\v7.0\include" -I"C:\Program Files\NVIDIA GPU Computing Toolkit\CUDA\v7.0\include"     --keep-dir Release -maxrregcount=0  --machine 32 --compile -cudart static    -use_fast_math -DWIN32 -DNDEBUG -D_CONSOLE -D_MBCS -D_CRT_SECURE_NO_WARNINGS -Xcompiler "/EHsc /W3 /nologo /O2 /Zi  /MD  " -o Release\Main.cu.obj "D:\MASTER\ImageProcessing\GFKM7\Main.cu" 
     1>D:/MASTER/ImageProcessing/GFKM7/Main.cu(56): warning : unrecognized character escape sequence
     1>D:/MASTER/ImageProcessing/GFKM7/Main.cu(56): warning : unrecognized character escape sequence
         Main.cu
       CudaBuild:
         Compiling CUDA source file TimingGPU.cu...
         cmd.exe /C "C:\Users\TRUNG\AppData\Local\Temp\tmp9929d8b7fa9f40f49f2aebc78dff2b87.cmd"
         "C:\Program Files\NVIDIA GPU Computing Toolkit\CUDA\v7.0\bin\nvcc.exe" -gencode=arch=compute_30,code=\"sm_30,compute_30\" --use-local-env --cl-version 2012 -ccbin "C:\Program Files (x86)\Microsoft Visual Studio 11.0\VC\bin"  -I"C:\Program Files\NVIDIA GPU Computing Toolkit\CUDA\v7.0\include" -I"C:\Program Files\NVIDIA GPU Computing Toolkit\CUDA\v7.0\include"     --keep-dir Release -maxrregcount=0  --machine 32 --compile -cudart static    -use_fast_math -DWIN32 -DNDEBUG -D_CONSOLE -D_MBCS -D_CRT_SECURE_NO_WARNINGS -Xcompiler "/EHsc /W3 /nologo /O2 /Zi  /MD  " -o Release\TimingGPU.cu.obj "D:\MASTER\ImageProcessing\GFKM7\TimingGPU.cu"
         
         D:\MASTER\ImageProcessing\GFKM7>"C:\Program Files\NVIDIA GPU Computing Toolkit\CUDA\v7.0\bin\nvcc.exe" -gencode=arch=compute_30,code=\"sm_30,compute_30\" --use-local-env --cl-version 2012 -ccbin "C:\Program Files (x86)\Microsoft Visual Studio 11.0\VC\bin"  -I"C:\Program Files\NVIDIA GPU Computing Toolkit\CUDA\v7.0\include" -I"C:\Program Files\NVIDIA GPU Computing Toolkit\CUDA\v7.0\include"     --keep-dir Release -maxrregcount=0  --machine 32 --compile -cudart static    -use_fast_math -DWIN32 -DNDEBUG -D_CONSOLE -D_MBCS -D_CRT_SECURE_NO_WARNINGS -Xcompiler "/EHsc /W3 /nologo /O2 /Zi  /MD  " -o Release\TimingGPU.cu.obj "D:\MASTER\ImageProcessing\GFKM7\TimingGPU.cu" 
         TimingGPU.cu
       ClCompile:
         C:\Program Files (x86)\Microsoft Visual Studio 11.0\VC\bin\CL.exe /c /I"C:\Program Files\NVIDIA GPU Computing Toolkit\CUDA\v7.0\include" /Zi /nologo /W3 /WX- /O2 /Oi /Oy- /GL /D WIN32 /D NDEBUG /D _CONSOLE /D _MBCS /D _CRT_SECURE_NO_WARNINGS /Gm- /EHsc /MD /GS /Gy /fp:precise /Zc:wchar_t /Zc:forScope /Fo"Release\\" /Fd"Release\vc110.pdb" /Gd /TP /analyze- /errorReport:prompt GFKM.cpp TimingCPU.cpp Util.cpp
         GFKM.cpp
     1>GFKM.cpp(132): warning C4244: 'argument' : conversion from 'double' to 'int', possible loss of data
     1>GFKM.cpp(133): warning C4244: 'argument' : conversion from 'double' to 'int', possible loss of data
         TimingCPU.cpp
         Util.cpp
       Link:
         C:\Program Files (x86)\Microsoft Visual Studio 11.0\VC\bin\link.exe /ERRORREPORT:PROMPT /OUT:"D:\MASTER\ImageProcessing\GFKM7\Release\GFKM7.exe" /NOLOGO /LIBPATH:"C:\Program Files\NVIDIA GPU Computing Toolkit\CUDA\v7.0\lib\Win32" cudart.lib kernel32.lib user32.lib gdi32.lib winspool.lib comdlg32.lib advapi32.lib shell32.lib ole32.lib oleaut32.lib uuid.lib odbc32.lib odbccp32.lib kernel32.lib user32.lib gdi32.lib winspool.lib comdlg32.lib advapi32.lib shell32.lib ole32.lib oleaut32.lib uuid.lib odbc32.lib odbccp32.lib /MANIFEST /MANIFESTUAC:"level='asInvoker' uiAccess='false'" /manifest:embed /DEBUG /PDB:"D:\MASTER\ImageProcessing\GFKM7\Release\GFKM7.pdb" /SUBSYSTEM:CONSOLE /OPT:REF /OPT:ICF /LTCG /TLBID:1 /DYNAMICBASE /NXCOMPAT /IMPLIB:"D:\MASTER\ImageProcessing\GFKM7\Release\GFKM7.lib" /MACHINE:X86 /SAFESEH Release\GFKM.cu.obj
         Release\Main.cu.obj
         Release\TimingGPU.cu.obj
         Release\GFKM.obj
         Release\TimingCPU.obj
         Release\Util.obj
         Generating code
         Finished generating code
         GFKM7.vcxproj -> D:\MASTER\ImageProcessing\GFKM7\Release\GFKM7.exe
       PostBuildEvent:
         echo copy "C:\Program Files\NVIDIA GPU Computing Toolkit\CUDA\v7.0\bin\cudart*.dll" "D:\MASTER\ImageProcessing\GFKM7\Release\"
         copy "C:\Program Files\NVIDIA GPU Computing Toolkit\CUDA\v7.0\bin\cudart*.dll" "D:\MASTER\ImageProcessing\GFKM7\Release\"
         :VCEnd
         copy "C:\Program Files\NVIDIA GPU Computing Toolkit\CUDA\v7.0\bin\cudart*.dll" "D:\MASTER\ImageProcessing\GFKM7\Release\"
         C:\Program Files\NVIDIA GPU Computing Toolkit\CUDA\v7.0\bin\cudart32_70.dll
         C:\Program Files\NVIDIA GPU Computing Toolkit\CUDA\v7.0\bin\cudart64_70.dll
                 2 file(s) copied.
     1>Done Building Project "D:\MASTER\ImageProcessing\GFKM7\GFKM7.vcxproj" (Rebuild target(s)).

Build succeeded.

Time Elapsed 00:00:21.95
