Build started 03/03/2015 21:08:18.
     1>Project "D:\Master\DataMining\thesis\MFCTCSP\MFCTCSP.vcxproj" on node 2 (Rebuild target(s)).
       Project file contains ToolsVersion="12.0". This toolset may be unknown or missing, in which case you may be able to resolve this by installing the appropriate version of MSBuild, or the build may have been forced to a particular ToolsVersion for policy reasons. Treating the project as if it had ToolsVersion="4.0". For more information, please see http://go.microsoft.com/fwlink/?LinkId=291333.
     1>InitializeBuildStatus:
         Creating ".\Release\MFCTCSP.unsuccessfulbuild" because "AlwaysCreate" was specified.
       ClCompile:
         C:\Program Files (x86)\Microsoft Visual Studio 11.0\VC\bin\CL.exe /c /Zi /nologo /W3 /WX- /O2 /Oy- /D WIN32 /D NDEBUG /D _CONSOLE /D _VC80_UPGRADE=0x0600 /D _MBCS /D _CRT_SECURE_NO_WARNINGS /GF /Gm- /EHsc /MT /GS /Gy /fp:precise /Zc:wchar_t /Zc:forScope /Fo".\Release\\" /Fd".\Release\vc110.pdb" /FR".\Release\\" /Gd /TP /analyze- /errorReport:prompt Element.cpp frequencyPattern.cpp frequentSequence.cpp mfctcsp.cpp Sequential.cpp SequentialDatabase.cpp TimeIntervalRecord.cpp TimeIntervalRecord1.cpp TimeLine.cpp Transaction.cpp
         Element.cpp
     1>Element.cpp(25): warning C4018: '<' : signed/unsigned mismatch
         frequencyPattern.cpp
     1>frequencyPattern.cpp(30): warning C4018: '<' : signed/unsigned mismatch
     1>frequencyPattern.cpp(38): warning C4018: '<' : signed/unsigned mismatch
     1>frequencyPattern.cpp(94): warning C4018: '<' : signed/unsigned mismatch
         frequentSequence.cpp
     1>frequentSequence.cpp(24): warning C4018: '<' : signed/unsigned mismatch
     1>frequentSequence.cpp(27): warning C4018: '<' : signed/unsigned mismatch
         mfctcsp.cpp
         Sequential.cpp
         SequentialDatabase.cpp
     1>SequentialDatabase.cpp(26): warning C4018: '<' : signed/unsigned mismatch
     1>SequentialDatabase.cpp(46): warning C4018: '<' : signed/unsigned mismatch
     1>SequentialDatabase.cpp(70): warning C4018: '<' : signed/unsigned mismatch
     1>SequentialDatabase.cpp(107): warning C4018: '<' : signed/unsigned mismatch
     1>SequentialDatabase.cpp(147): warning C4018: '<' : signed/unsigned mismatch
     1>SequentialDatabase.cpp(152): warning C4018: '<' : signed/unsigned mismatch
     1>SequentialDatabase.cpp(158): warning C4018: '<' : signed/unsigned mismatch
     1>SequentialDatabase.cpp(183): warning C4018: '<' : signed/unsigned mismatch
     1>SequentialDatabase.cpp(188): warning C4018: '<' : signed/unsigned mismatch
     1>SequentialDatabase.cpp(197): warning C4018: '<' : signed/unsigned mismatch
     1>SequentialDatabase.cpp(222): warning C4018: '<' : signed/unsigned mismatch
     1>SequentialDatabase.cpp(227): warning C4018: '<' : signed/unsigned mismatch
     1>SequentialDatabase.cpp(244): warning C4018: '<' : signed/unsigned mismatch
     1>SequentialDatabase.cpp(259): warning C4018: '<' : signed/unsigned mismatch
     1>SequentialDatabase.cpp(284): warning C4018: '<' : signed/unsigned mismatch
     1>SequentialDatabase.cpp(296): warning C4018: '<' : signed/unsigned mismatch
     1>SequentialDatabase.cpp(299): warning C4018: '<' : signed/unsigned mismatch
     1>SequentialDatabase.cpp(345): warning C4018: '<' : signed/unsigned mismatch
     1>SequentialDatabase.cpp(351): warning C4018: '<' : signed/unsigned mismatch
     1>SequentialDatabase.cpp(365): warning C4018: '<' : signed/unsigned mismatch
     1>SequentialDatabase.cpp(376): warning C4018: '<' : signed/unsigned mismatch
     1>SequentialDatabase.cpp(401): warning C4018: '<' : signed/unsigned mismatch
     1>SequentialDatabase.cpp(406): warning C4018: '<' : signed/unsigned mismatch
     1>SequentialDatabase.cpp(425): warning C4018: '<' : signed/unsigned mismatch
     1>SequentialDatabase.cpp(440): warning C4018: '<' : signed/unsigned mismatch
     1>SequentialDatabase.cpp(455): warning C4018: '<' : signed/unsigned mismatch
     1>SequentialDatabase.cpp(501): warning C4018: '<' : signed/unsigned mismatch
     1>SequentialDatabase.cpp(504): warning C4018: '<' : signed/unsigned mismatch
     1>SequentialDatabase.cpp(524): warning C4018: '<' : signed/unsigned mismatch
     1>SequentialDatabase.cpp(553): warning C4018: '<' : signed/unsigned mismatch
     1>SequentialDatabase.cpp(582): warning C4018: '<' : signed/unsigned mismatch
     1>SequentialDatabase.cpp(604): warning C4018: '<' : signed/unsigned mismatch
     1>SequentialDatabase.cpp(625): warning C4018: '<' : signed/unsigned mismatch
     1>SequentialDatabase.cpp(641): warning C4018: '<' : signed/unsigned mismatch
     1>SequentialDatabase.cpp(650): warning C4018: '<' : signed/unsigned mismatch
     1>SequentialDatabase.cpp(661): warning C4018: '<' : signed/unsigned mismatch
     1>SequentialDatabase.cpp(667): warning C4018: '<' : signed/unsigned mismatch
     1>SequentialDatabase.cpp(694): warning C4018: '<' : signed/unsigned mismatch
     1>SequentialDatabase.cpp(700): warning C4018: '<' : signed/unsigned mismatch
     1>SequentialDatabase.cpp(711): warning C4018: '<' : signed/unsigned mismatch
     1>SequentialDatabase.cpp(719): warning C4018: '<' : signed/unsigned mismatch
     1>SequentialDatabase.cpp(749): warning C4018: '<' : signed/unsigned mismatch
     1>SequentialDatabase.cpp(755): warning C4018: '<' : signed/unsigned mismatch
     1>SequentialDatabase.cpp(766): warning C4018: '<' : signed/unsigned mismatch
     1>SequentialDatabase.cpp(798): warning C4018: '<' : signed/unsigned mismatch
     1>SequentialDatabase.cpp(834): warning C4018: '<' : signed/unsigned mismatch
     1>SequentialDatabase.cpp(844): warning C4018: '<' : signed/unsigned mismatch
     1>SequentialDatabase.cpp(961): warning C4018: '<' : signed/unsigned mismatch
     1>SequentialDatabase.cpp(968): warning C4018: '<' : signed/unsigned mismatch
     1>SequentialDatabase.cpp(983): warning C4244: '=' : conversion from 'double' to 'int', possible loss of data
     1>SequentialDatabase.cpp(987): warning C4018: '<' : signed/unsigned mismatch
     1>SequentialDatabase.cpp(989): warning C4018: '<' : signed/unsigned mismatch
     1>SequentialDatabase.cpp(998): warning C4018: '<' : signed/unsigned mismatch
         TimeIntervalRecord.cpp
         TimeIntervalRecord1.cpp
         TimeLine.cpp
         Transaction.cpp
         Generating Code...
       Link:
         C:\Program Files (x86)\Microsoft Visual Studio 11.0\VC\bin\link.exe /ERRORREPORT:PROMPT /OUT:".\Release\MFCTCSP.exe" /INCREMENTAL:NO /NOLOGO odbc32.lib odbccp32.lib kernel32.lib user32.lib gdi32.lib winspool.lib comdlg32.lib advapi32.lib shell32.lib ole32.lib oleaut32.lib uuid.lib odbc32.lib odbccp32.lib /MANIFEST /MANIFESTUAC:"level='asInvoker' uiAccess='false'" /manifest:embed /PDB:".\Release\MFCTCSP.pdb" /SUBSYSTEM:CONSOLE /TLBID:1 /DYNAMICBASE /NXCOMPAT /IMPLIB:".\Release\MFCTCSP.lib" /MACHINE:X86 /SAFESEH .\Release\Element.obj
         .\Release\frequencyPattern.obj
         .\Release\frequentSequence.obj
         .\Release\mfctcsp.obj
         .\Release\Sequential.obj
         .\Release\SequentialDatabase.obj
         .\Release\TimeIntervalRecord.obj
         .\Release\TimeIntervalRecord1.obj
         .\Release\TimeLine.obj
         .\Release\Transaction.obj
         MFCTCSP.vcxproj -> D:\Master\DataMining\thesis\MFCTCSP\.\Release\MFCTCSP.exe
       BscMake:
         C:\Program Files (x86)\Microsoft Visual Studio 11.0\VC\bin\bscmake.exe /nologo /o".\Release\mfsputc.bsc" .\Release\Element.sbr .\Release\frequencyPattern.sbr .\Release\frequentSequence.sbr .\Release\mfctcsp.sbr .\Release\Sequential.sbr .\Release\SequentialDatabase.sbr .\Release\TimeIntervalRecord.sbr .\Release\TimeIntervalRecord1.sbr .\Release\TimeLine.sbr .\Release\Transaction.sbr
       FinalizeBuildStatus:
         Deleting file ".\Release\MFCTCSP.unsuccessfulbuild".
         Touching ".\Release\MFCTCSP.lastbuildstate".
     1>Done Building Project "D:\Master\DataMining\thesis\MFCTCSP\MFCTCSP.vcxproj" (Rebuild target(s)).

Build succeeded.

Time Elapsed 00:00:03.09
