D:\DOCUMENTS\MASTER-NTOU\IMAGE PROCESSING\GFKM\DEBUG\GFKM.OBJ
D:\DOCUMENTS\MASTER-NTOU\IMAGE PROCESSING\GFKM\DEBUG\TIMINGCPU.OBJ
D:\DOCUMENTS\MASTER-NTOU\IMAGE PROCESSING\GFKM\DEBUG\VC110.PDB
D:\DOCUMENTS\MASTER-NTOU\IMAGE PROCESSING\GFKM\DEBUG\GFKM.ILK
D:\DOCUMENTS\MASTER-NTOU\IMAGE PROCESSING\GFKM\DEBUG\GFKM.EXE
D:\DOCUMENTS\MASTER-NTOU\IMAGE PROCESSING\GFKM\DEBUG\GFKM.PDB
D:\Documents\master-ntou\Image Processing\GFKM\Debug\GFKM.cu.cache
D:\Documents\master-ntou\Image Processing\GFKM\Debug\main.cu.cache
D:\Documents\master-ntou\Image Processing\GFKM\Debug\TimingGPU.cu.cache
D:\Documents\master-ntou\Image Processing\GFKM\Debug\GFKM.cu.obj
D:\Documents\master-ntou\Image Processing\GFKM\Debug\GFKM.obj
D:\Documents\master-ntou\Image Processing\GFKM\Debug\main.cu.obj
D:\Documents\master-ntou\Image Processing\GFKM\Debug\TimingCPU.obj
D:\Documents\master-ntou\Image Processing\GFKM\Debug\TimingGPU.cu.obj
D:\Documents\master-ntou\Image Processing\GFKM\Debug\GFKM.ilk
D:\Documents\master-ntou\Image Processing\GFKM\Debug\cl.command.1.tlog
D:\Documents\master-ntou\Image Processing\GFKM\Debug\CL.read.1.tlog
D:\Documents\master-ntou\Image Processing\GFKM\Debug\CL.write.1.tlog
D:\Documents\master-ntou\Image Processing\GFKM\Debug\link-cvtres.read.1.tlog
D:\Documents\master-ntou\Image Processing\GFKM\Debug\link-cvtres.write.1.tlog
D:\Documents\master-ntou\Image Processing\GFKM\Debug\link-rc.read.1.tlog
D:\Documents\master-ntou\Image Processing\GFKM\Debug\link-rc.write.1.tlog
D:\Documents\master-ntou\Image Processing\GFKM\Debug\link.command.1.tlog
D:\Documents\master-ntou\Image Processing\GFKM\Debug\link.read.1.tlog
D:\Documents\master-ntou\Image Processing\GFKM\Debug\link.write.1.tlog
D:\Documents\master-ntou\Image Processing\GFKM\Debug\vc110.idb
D:\Documents\master-ntou\Image Processing\GFKM\Debug\GFKM.pdb
D:\Documents\master-ntou\Image Processing\GFKM\Debug\vc110.pdb
D:\Documents\master-ntou\Image Processing\GFKM\Debug\GFKM.exe
