D:\PROJECTS\MASTER-NTOU\IMAGEPROCESSING\GFKM7\X64\RELEASE\UTIL.OBJ
D:\PROJECTS\MASTER-NTOU\IMAGEPROCESSING\GFKM7\X64\RELEASE\TIMINGCPU.OBJ
D:\PROJECTS\MASTER-NTOU\IMAGEPROCESSING\GFKM7\X64\RELEASE\GFKM.OBJ
D:\PROJECTS\MASTER-NTOU\IMAGEPROCESSING\GFKM7\X64\RELEASE\VC110.PDB
D:\PROJECTS\MASTER-NTOU\IMAGEPROCESSING\GFKM\X64\RELEASE\GFKM7.EXE
D:\PROJECTS\MASTER-NTOU\IMAGEPROCESSING\GFKM\X64\RELEASE\GFKM7.PDB
D:\Projects\master-ntou\ImageProcessing\GFKM7\x64\Release\GFKM.cu.cache
D:\Projects\master-ntou\ImageProcessing\GFKM7\x64\Release\Main.cu.cache
D:\Projects\master-ntou\ImageProcessing\GFKM7\x64\Release\TimingGPU.cu.cache
D:\Projects\master-ntou\ImageProcessing\GFKM7\x64\Release\GFKM.cu.obj
D:\Projects\master-ntou\ImageProcessing\GFKM7\x64\Release\GFKM.obj
D:\Projects\master-ntou\ImageProcessing\GFKM7\x64\Release\Main.cu.obj
D:\Projects\master-ntou\ImageProcessing\GFKM7\x64\Release\TimingCPU.obj
D:\Projects\master-ntou\ImageProcessing\GFKM7\x64\Release\TimingGPU.cu.obj
D:\Projects\master-ntou\ImageProcessing\GFKM7\x64\Release\Util.obj
D:\Projects\master-ntou\ImageProcessing\GFKM7\x64\Release\cl.command.1.tlog
D:\Projects\master-ntou\ImageProcessing\GFKM7\x64\Release\CL.read.1.tlog
D:\Projects\master-ntou\ImageProcessing\GFKM7\x64\Release\CL.write.1.tlog
D:\Projects\master-ntou\ImageProcessing\GFKM7\x64\Release\link-cvtres.read.1.tlog
D:\Projects\master-ntou\ImageProcessing\GFKM7\x64\Release\link-cvtres.write.1.tlog
D:\Projects\master-ntou\ImageProcessing\GFKM7\x64\Release\link-rc.read.1.tlog
D:\Projects\master-ntou\ImageProcessing\GFKM7\x64\Release\link-rc.write.1.tlog
D:\Projects\master-ntou\ImageProcessing\GFKM7\x64\Release\link.command.1.tlog
D:\Projects\master-ntou\ImageProcessing\GFKM7\x64\Release\link.read.1.tlog
D:\Projects\master-ntou\ImageProcessing\GFKM7\x64\Release\link.write.1.tlog
D:\Projects\master-ntou\ImageProcessing\GFKM7\x64\Release\vc110.pdb
D:\Projects\master-ntou\ImageProcessing\GFKM\x64\Release\GFKM7.pdb
D:\Projects\master-ntou\ImageProcessing\GFKM\x64\Release\GFKM7.exe
