D:\PROJECTS\MASTER-NTOU\IMAGEPROCESSING\GFKM7\RELEASE\UTIL.OBJ
D:\PROJECTS\MASTER-NTOU\IMAGEPROCESSING\GFKM7\RELEASE\TIMINGCPU.OBJ
D:\PROJECTS\MASTER-NTOU\IMAGEPROCESSING\GFKM7\RELEASE\GFKM.OBJ
D:\PROJECTS\MASTER-NTOU\IMAGEPROCESSING\GFKM7\RELEASE\VC110.PDB
D:\PROJECTS\MASTER-NTOU\IMAGEPROCESSING\GFKM\RELEASE\GFKM7.EXE
D:\PROJECTS\MASTER-NTOU\IMAGEPROCESSING\GFKM\RELEASE\GFKM7.PDB
D:\Projects\master-ntou\ImageProcessing\GFKM7\Release\GFKM.cu.cache
D:\Projects\master-ntou\ImageProcessing\GFKM7\Release\Main.cu.cache
D:\Projects\master-ntou\ImageProcessing\GFKM7\Release\TimingGPU.cu.cache
D:\Projects\master-ntou\ImageProcessing\GFKM7\Release\GFKM.cu.obj
D:\Projects\master-ntou\ImageProcessing\GFKM7\Release\GFKM.obj
D:\Projects\master-ntou\ImageProcessing\GFKM7\Release\Main.cu.obj
D:\Projects\master-ntou\ImageProcessing\GFKM7\Release\TimingCPU.obj
D:\Projects\master-ntou\ImageProcessing\GFKM7\Release\TimingGPU.cu.obj
D:\Projects\master-ntou\ImageProcessing\GFKM7\Release\Util.obj
D:\Projects\master-ntou\ImageProcessing\GFKM7\Release\cl.command.1.tlog
D:\Projects\master-ntou\ImageProcessing\GFKM7\Release\CL.read.1.tlog
D:\Projects\master-ntou\ImageProcessing\GFKM7\Release\CL.write.1.tlog
D:\Projects\master-ntou\ImageProcessing\GFKM7\Release\link-cvtres.read.1.tlog
D:\Projects\master-ntou\ImageProcessing\GFKM7\Release\link-cvtres.write.1.tlog
D:\Projects\master-ntou\ImageProcessing\GFKM7\Release\link-rc.read.1.tlog
D:\Projects\master-ntou\ImageProcessing\GFKM7\Release\link-rc.write.1.tlog
D:\Projects\master-ntou\ImageProcessing\GFKM7\Release\link.command.1.tlog
D:\Projects\master-ntou\ImageProcessing\GFKM7\Release\link.read.1.tlog
D:\Projects\master-ntou\ImageProcessing\GFKM7\Release\link.write.1.tlog
D:\Projects\master-ntou\ImageProcessing\GFKM7\Release\vc110.pdb
D:\Projects\master-ntou\ImageProcessing\GFKM\Release\GFKM7.pdb
D:\Projects\master-ntou\ImageProcessing\GFKM\Release\GFKM7.exe
