D:\Document\Master\Computer Vision\Project\Stitcher\Debug\cl.command.1.tlog
D:\Document\Master\Computer Vision\Project\Stitcher\Debug\CL.read.1.tlog
D:\Document\Master\Computer Vision\Project\Stitcher\Debug\CL.write.1.tlog
D:\Document\Master\Computer Vision\Project\Stitcher\Debug\link.2300.read.1.tlog
D:\Document\Master\Computer Vision\Project\Stitcher\Debug\link.2300.write.1.tlog
D:\Document\Master\Computer Vision\Project\Stitcher\Debug\link.2300-cvtres.read.1.tlog
D:\Document\Master\Computer Vision\Project\Stitcher\Debug\link.2300-cvtres.write.1.tlog
D:\Document\Master\Computer Vision\Project\Stitcher\Debug\link.3048.read.1.tlog
D:\Document\Master\Computer Vision\Project\Stitcher\Debug\link.3048.write.1.tlog
D:\Document\Master\Computer Vision\Project\Stitcher\Debug\link.3048-cvtres.read.1.tlog
D:\Document\Master\Computer Vision\Project\Stitcher\Debug\link.3048-cvtres.write.1.tlog
D:\Document\Master\Computer Vision\Project\Stitcher\Debug\link.3116.read.1.tlog
D:\Document\Master\Computer Vision\Project\Stitcher\Debug\link.3116.write.1.tlog
D:\Document\Master\Computer Vision\Project\Stitcher\Debug\link.3116-cvtres.read.1.tlog
D:\Document\Master\Computer Vision\Project\Stitcher\Debug\link.3116-cvtres.write.1.tlog
D:\Document\Master\Computer Vision\Project\Stitcher\Debug\link.3152.read.1.tlog
D:\Document\Master\Computer Vision\Project\Stitcher\Debug\link.3152.write.1.tlog
D:\Document\Master\Computer Vision\Project\Stitcher\Debug\link.3152-cvtres.read.1.tlog
D:\Document\Master\Computer Vision\Project\Stitcher\Debug\link.3152-cvtres.write.1.tlog
D:\Document\Master\Computer Vision\Project\Stitcher\Debug\link.3472.read.1.tlog
D:\Document\Master\Computer Vision\Project\Stitcher\Debug\link.3472.write.1.tlog
D:\Document\Master\Computer Vision\Project\Stitcher\Debug\link.3472-cvtres.read.1.tlog
D:\Document\Master\Computer Vision\Project\Stitcher\Debug\link.3472-cvtres.write.1.tlog
D:\Document\Master\Computer Vision\Project\Stitcher\Debug\link.4120.read.1.tlog
D:\Document\Master\Computer Vision\Project\Stitcher\Debug\link.4120.write.1.tlog
D:\Document\Master\Computer Vision\Project\Stitcher\Debug\link.4120-cvtres.read.1.tlog
D:\Document\Master\Computer Vision\Project\Stitcher\Debug\link.4120-cvtres.write.1.tlog
D:\Document\Master\Computer Vision\Project\Stitcher\Debug\link.5620.read.1.tlog
D:\Document\Master\Computer Vision\Project\Stitcher\Debug\link.5620.write.1.tlog
D:\Document\Master\Computer Vision\Project\Stitcher\Debug\link.5620-cvtres.read.1.tlog
D:\Document\Master\Computer Vision\Project\Stitcher\Debug\link.5620-cvtres.write.1.tlog
D:\Document\Master\Computer Vision\Project\Stitcher\Debug\link.5668.read.1.tlog
D:\Document\Master\Computer Vision\Project\Stitcher\Debug\link.5668.write.1.tlog
D:\Document\Master\Computer Vision\Project\Stitcher\Debug\link.5668-cvtres.read.1.tlog
D:\Document\Master\Computer Vision\Project\Stitcher\Debug\link.5668-cvtres.write.1.tlog
D:\Document\Master\Computer Vision\Project\Stitcher\Debug\link.5828.read.1.tlog
D:\Document\Master\Computer Vision\Project\Stitcher\Debug\link.5828.write.1.tlog
D:\Document\Master\Computer Vision\Project\Stitcher\Debug\link.5828-cvtres.read.1.tlog
D:\Document\Master\Computer Vision\Project\Stitcher\Debug\link.5828-cvtres.write.1.tlog
D:\Document\Master\Computer Vision\Project\Stitcher\Debug\link.608.read.1.tlog
D:\Document\Master\Computer Vision\Project\Stitcher\Debug\link.608.write.1.tlog
D:\Document\Master\Computer Vision\Project\Stitcher\Debug\link.608-cvtres.read.1.tlog
D:\Document\Master\Computer Vision\Project\Stitcher\Debug\link.608-cvtres.write.1.tlog
D:\Document\Master\Computer Vision\Project\Stitcher\Debug\link.command.1.tlog
D:\Document\Master\Computer Vision\Project\Stitcher\Debug\link.read.1.tlog
D:\Document\Master\Computer Vision\Project\Stitcher\Debug\link.write.1.tlog
D:\Document\Master\Computer Vision\Project\Stitcher\Debug\link-cvtres.read.1.tlog
D:\Document\Master\Computer Vision\Project\Stitcher\Debug\link-cvtres.write.1.tlog
D:\DOCUMENT\MASTER\COMPUTER VISION\PROJECT\STITCHER\DEBUG\MAIN.OBJ
D:\Document\Master\Computer Vision\Project\Stitcher\Debug\mt.command.1.tlog
D:\Document\Master\Computer Vision\Project\Stitcher\Debug\mt.read.1.tlog
D:\Document\Master\Computer Vision\Project\Stitcher\Debug\mt.write.1.tlog
D:\Document\Master\Computer Vision\Project\Stitcher\Debug\rc.command.1.tlog
D:\Document\Master\Computer Vision\Project\Stitcher\Debug\rc.read.1.tlog
D:\Document\Master\Computer Vision\Project\Stitcher\Debug\rc.write.1.tlog
D:\DOCUMENT\MASTER\COMPUTER VISION\PROJECT\STITCHER\DEBUG\STITCHER.EXE
D:\DOCUMENT\MASTER\COMPUTER VISION\PROJECT\STITCHER\DEBUG\STITCHER.EXE.EMBED.MANIFEST
D:\DOCUMENT\MASTER\COMPUTER VISION\PROJECT\STITCHER\DEBUG\STITCHER.EXE.EMBED.MANIFEST.RES
D:\DOCUMENT\MASTER\COMPUTER VISION\PROJECT\STITCHER\DEBUG\STITCHER.EXE.INTERMEDIATE.MANIFEST
D:\DOCUMENT\MASTER\COMPUTER VISION\PROJECT\STITCHER\DEBUG\STITCHER.ILK
D:\DOCUMENT\MASTER\COMPUTER VISION\PROJECT\STITCHER\DEBUG\STITCHER.PDB
D:\Document\Master\Computer Vision\Project\Stitcher\Debug\Stitcher.vcxprojResolveAssemblyReference.cache
D:\Document\Master\Computer Vision\Project\Stitcher\Debug\Stitcher.write.1.tlog
D:\Document\Master\Computer Vision\Project\Stitcher\Debug\Stitcher_manifest.rc
D:\Document\Master\Computer Vision\Project\Stitcher\Debug\vc100.idb
D:\DOCUMENT\MASTER\COMPUTER VISION\PROJECT\STITCHER\DEBUG\VC100.PDB
