Build started 3/14/2015 1:33:59 PM.
     1>Project "D:\Master\ImageProcessing\GFKM7\GFKM7.vcxproj" on node 2 (Rebuild target(s)).
     1>CudaClean:
         cmd.exe /C "C:\Users\TRUNG\AppData\Local\Temp\tmp50a243d3d8574ec787dd94406b9fde14.cmd"
         "C:\Program Files\NVIDIA GPU Computing Toolkit\CUDA\v7.0\bin\nvcc.exe" -ccbin "C:\Program Files (x86)\Microsoft Visual Studio 11.0\VC\bin"  -I"C:\Program Files\NVIDIA GPU Computing Toolkit\CUDA\v7.0\include" -I"C:\Program Files\NVIDIA GPU Computing Toolkit\CUDA\v7.0\include"  -G   --keep-dir Debug -maxrregcount=0  --machine 32 --compile   -g   -DWIN32 -D_DEBUG -D_CONSOLE -D_MBCS -D_CRT_SECURE_NO_WARNINGS -Xcompiler "/EHsc /W3 /nologo /Od /Zi /RTC1 /MDd  " -o Debug\GFKM.cu.obj "D:\Master\ImageProcessing\GFKM7\GFKM.cu" -clean
         
         D:\Master\ImageProcessing\GFKM7>"C:\Program Files\NVIDIA GPU Computing Toolkit\CUDA\v7.0\bin\nvcc.exe" -ccbin "C:\Program Files (x86)\Microsoft Visual Studio 11.0\VC\bin"  -I"C:\Program Files\NVIDIA GPU Computing Toolkit\CUDA\v7.0\include" -I"C:\Program Files\NVIDIA GPU Computing Toolkit\CUDA\v7.0\include"  -G   --keep-dir Debug -maxrregcount=0  --machine 32 --compile   -g   -DWIN32 -D_DEBUG -D_CONSOLE -D_MBCS -D_CRT_SECURE_NO_WARNINGS -Xcompiler "/EHsc /W3 /nologo /Od /Zi /RTC1 /MDd  " -o Debug\GFKM.cu.obj "D:\Master\ImageProcessing\GFKM7\GFKM.cu" -clean 
         GFKM.cu
       CudaClean:
         cmd.exe /C "C:\Users\TRUNG\AppData\Local\Temp\tmp7022bce138774310bf2276199b07263c.cmd"
         "C:\Program Files\NVIDIA GPU Computing Toolkit\CUDA\v7.0\bin\nvcc.exe" -ccbin "C:\Program Files (x86)\Microsoft Visual Studio 11.0\VC\bin"  -I"C:\Program Files\NVIDIA GPU Computing Toolkit\CUDA\v7.0\include" -I"C:\Program Files\NVIDIA GPU Computing Toolkit\CUDA\v7.0\include"  -G   --keep-dir Debug -maxrregcount=0  --machine 32 --compile   -g   -DWIN32 -D_DEBUG -D_CONSOLE -D_MBCS -D_CRT_SECURE_NO_WARNINGS -Xcompiler "/EHsc /W3 /nologo /Od /Zi /RTC1 /MDd  " -o Debug\Main.cu.obj "D:\Master\ImageProcessing\GFKM7\Main.cu" -clean
         
         D:\Master\ImageProcessing\GFKM7>"C:\Program Files\NVIDIA GPU Computing Toolkit\CUDA\v7.0\bin\nvcc.exe" -ccbin "C:\Program Files (x86)\Microsoft Visual Studio 11.0\VC\bin"  -I"C:\Program Files\NVIDIA GPU Computing Toolkit\CUDA\v7.0\include" -I"C:\Program Files\NVIDIA GPU Computing Toolkit\CUDA\v7.0\include"  -G   --keep-dir Debug -maxrregcount=0  --machine 32 --compile   -g   -DWIN32 -D_DEBUG -D_CONSOLE -D_MBCS -D_CRT_SECURE_NO_WARNINGS -Xcompiler "/EHsc /W3 /nologo /Od /Zi /RTC1 /MDd  " -o Debug\Main.cu.obj "D:\Master\ImageProcessing\GFKM7\Main.cu" -clean 
         Main.cu
       CudaClean:
         cmd.exe /C "C:\Users\TRUNG\AppData\Local\Temp\tmp9bcfb257ac3b422182112c5e45b8ab02.cmd"
         "C:\Program Files\NVIDIA GPU Computing Toolkit\CUDA\v7.0\bin\nvcc.exe" -ccbin "C:\Program Files (x86)\Microsoft Visual Studio 11.0\VC\bin"  -I"C:\Program Files\NVIDIA GPU Computing Toolkit\CUDA\v7.0\include" -I"C:\Program Files\NVIDIA GPU Computing Toolkit\CUDA\v7.0\include"  -G   --keep-dir Debug -maxrregcount=0  --machine 32 --compile   -g   -DWIN32 -D_DEBUG -D_CONSOLE -D_MBCS -D_CRT_SECURE_NO_WARNINGS -Xcompiler "/EHsc /W3 /nologo /Od /Zi /RTC1 /MDd  " -o Debug\TimingGPU.cu.obj "D:\Master\ImageProcessing\GFKM7\TimingGPU.cu" -clean
         
         D:\Master\ImageProcessing\GFKM7>"C:\Program Files\NVIDIA GPU Computing Toolkit\CUDA\v7.0\bin\nvcc.exe" -ccbin "C:\Program Files (x86)\Microsoft Visual Studio 11.0\VC\bin"  -I"C:\Program Files\NVIDIA GPU Computing Toolkit\CUDA\v7.0\include" -I"C:\Program Files\NVIDIA GPU Computing Toolkit\CUDA\v7.0\include"  -G   --keep-dir Debug -maxrregcount=0  --machine 32 --compile   -g   -DWIN32 -D_DEBUG -D_CONSOLE -D_MBCS -D_CRT_SECURE_NO_WARNINGS -Xcompiler "/EHsc /W3 /nologo /Od /Zi /RTC1 /MDd  " -o Debug\TimingGPU.cu.obj "D:\Master\ImageProcessing\GFKM7\TimingGPU.cu" -clean 
         TimingGPU.cu
       AddCudaCompileDeps:
         C:\Program Files (x86)\Microsoft Visual Studio 11.0\VC\bin\cl.exe /E /nologo /showIncludes /TP /D__CUDACC__ /DWIN32 /D_DEBUG /D_CONSOLE /D_MBCS /D_CRT_SECURE_NO_WARNINGS /I"C:\Program Files\NVIDIA GPU Computing Toolkit\CUDA\v7.0\include" /I"C:\Program Files\NVIDIA GPU Computing Toolkit\CUDA\v7.0\bin" /I"C:\Program Files\NVIDIA GPU Computing Toolkit\CUDA\v7.0\include" /I. /FIcuda_runtime.h /c D:\Master\ImageProcessing\GFKM7\GFKM.cu 
       AddCudaCompileDeps:
         C:\Program Files (x86)\Microsoft Visual Studio 11.0\VC\bin\cl.exe /E /nologo /showIncludes /TP /D__CUDACC__ /DWIN32 /D_DEBUG /D_CONSOLE /D_MBCS /D_CRT_SECURE_NO_WARNINGS /I"C:\Program Files\NVIDIA GPU Computing Toolkit\CUDA\v7.0\include" /I"C:\Program Files\NVIDIA GPU Computing Toolkit\CUDA\v7.0\bin" /I"C:\Program Files\NVIDIA GPU Computing Toolkit\CUDA\v7.0\include" /I. /FIcuda_runtime.h /c D:\Master\ImageProcessing\GFKM7\Main.cu 
       AddCudaCompileDeps:
         C:\Program Files (x86)\Microsoft Visual Studio 11.0\VC\bin\cl.exe /E /nologo /showIncludes /TP /D__CUDACC__ /DWIN32 /D_DEBUG /D_CONSOLE /D_MBCS /D_CRT_SECURE_NO_WARNINGS /I"C:\Program Files\NVIDIA GPU Computing Toolkit\CUDA\v7.0\include" /I"C:\Program Files\NVIDIA GPU Computing Toolkit\CUDA\v7.0\bin" /I"C:\Program Files\NVIDIA GPU Computing Toolkit\CUDA\v7.0\include" /I. /FIcuda_runtime.h /c D:\Master\ImageProcessing\GFKM7\TimingGPU.cu 
       CudaBuild:
         Compiling CUDA source file GFKM.cu...
         cmd.exe /C "C:\Users\TRUNG\AppData\Local\Temp\tmpc7a863766b504e80b4cdf8cc57aeb5d8.cmd"
         "C:\Program Files\NVIDIA GPU Computing Toolkit\CUDA\v7.0\bin\nvcc.exe" -gencode=arch=compute_20,code=\"sm_20,compute_20\" --use-local-env --cl-version 2012 -ccbin "C:\Program Files (x86)\Microsoft Visual Studio 11.0\VC\bin"  -I"C:\Program Files\NVIDIA GPU Computing Toolkit\CUDA\v7.0\include" -I"C:\Program Files\NVIDIA GPU Computing Toolkit\CUDA\v7.0\include"  -G   --keep-dir Debug -maxrregcount=0  --machine 32 --compile -cudart static  -g   -DWIN32 -D_DEBUG -D_CONSOLE -D_MBCS -D_CRT_SECURE_NO_WARNINGS -Xcompiler "/EHsc /W3 /nologo /Od /Zi /RTC1 /MDd  " -o Debug\GFKM.cu.obj "D:\Master\ImageProcessing\GFKM7\GFKM.cu"
         
         D:\Master\ImageProcessing\GFKM7>"C:\Program Files\NVIDIA GPU Computing Toolkit\CUDA\v7.0\bin\nvcc.exe" -gencode=arch=compute_20,code=\"sm_20,compute_20\" --use-local-env --cl-version 2012 -ccbin "C:\Program Files (x86)\Microsoft Visual Studio 11.0\VC\bin"  -I"C:\Program Files\NVIDIA GPU Computing Toolkit\CUDA\v7.0\include" -I"C:\Program Files\NVIDIA GPU Computing Toolkit\CUDA\v7.0\include"  -G   --keep-dir Debug -maxrregcount=0  --machine 32 --compile -cudart static  -g   -DWIN32 -D_DEBUG -D_CONSOLE -D_MBCS -D_CRT_SECURE_NO_WARNINGS -Xcompiler "/EHsc /W3 /nologo /Od /Zi /RTC1 /MDd  " -o Debug\GFKM.cu.obj "D:\Master\ImageProcessing\GFKM7\GFKM.cu" 
         GFKM.cu
       CudaBuild:
         Compiling CUDA source file Main.cu...
         cmd.exe /C "C:\Users\TRUNG\AppData\Local\Temp\tmpb1f1f3899b1f4519a7295b8fab4a860b.cmd"
         "C:\Program Files\NVIDIA GPU Computing Toolkit\CUDA\v7.0\bin\nvcc.exe" -gencode=arch=compute_20,code=\"sm_20,compute_20\" --use-local-env --cl-version 2012 -ccbin "C:\Program Files (x86)\Microsoft Visual Studio 11.0\VC\bin"  -I"C:\Program Files\NVIDIA GPU Computing Toolkit\CUDA\v7.0\include" -I"C:\Program Files\NVIDIA GPU Computing Toolkit\CUDA\v7.0\include"  -G   --keep-dir Debug -maxrregcount=0  --machine 32 --compile -cudart static  -g   -DWIN32 -D_DEBUG -D_CONSOLE -D_MBCS -D_CRT_SECURE_NO_WARNINGS -Xcompiler "/EHsc /W3 /nologo /Od /Zi /RTC1 /MDd  " -o Debug\Main.cu.obj "D:\Master\ImageProcessing\GFKM7\Main.cu"
         
         D:\Master\ImageProcessing\GFKM7>"C:\Program Files\NVIDIA GPU Computing Toolkit\CUDA\v7.0\bin\nvcc.exe" -gencode=arch=compute_20,code=\"sm_20,compute_20\" --use-local-env --cl-version 2012 -ccbin "C:\Program Files (x86)\Microsoft Visual Studio 11.0\VC\bin"  -I"C:\Program Files\NVIDIA GPU Computing Toolkit\CUDA\v7.0\include" -I"C:\Program Files\NVIDIA GPU Computing Toolkit\CUDA\v7.0\include"  -G   --keep-dir Debug -maxrregcount=0  --machine 32 --compile -cudart static  -g   -DWIN32 -D_DEBUG -D_CONSOLE -D_MBCS -D_CRT_SECURE_NO_WARNINGS -Xcompiler "/EHsc /W3 /nologo /Od /Zi /RTC1 /MDd  " -o Debug\Main.cu.obj "D:\Master\ImageProcessing\GFKM7\Main.cu" 
     1>D:/Master/ImageProcessing/GFKM7/Main.cu(49): warning : unrecognized character escape sequence
     1>D:/Master/ImageProcessing/GFKM7/Main.cu(49): warning : unrecognized character escape sequence
         Main.cu
       CudaBuild:
         Compiling CUDA source file TimingGPU.cu...
         cmd.exe /C "C:\Users\TRUNG\AppData\Local\Temp\tmp56a6a142401a49bf969c619f3508c22e.cmd"
         "C:\Program Files\NVIDIA GPU Computing Toolkit\CUDA\v7.0\bin\nvcc.exe" -gencode=arch=compute_20,code=\"sm_20,compute_20\" --use-local-env --cl-version 2012 -ccbin "C:\Program Files (x86)\Microsoft Visual Studio 11.0\VC\bin"  -I"C:\Program Files\NVIDIA GPU Computing Toolkit\CUDA\v7.0\include" -I"C:\Program Files\NVIDIA GPU Computing Toolkit\CUDA\v7.0\include"  -G   --keep-dir Debug -maxrregcount=0  --machine 32 --compile -cudart static  -g   -DWIN32 -D_DEBUG -D_CONSOLE -D_MBCS -D_CRT_SECURE_NO_WARNINGS -Xcompiler "/EHsc /W3 /nologo /Od /Zi /RTC1 /MDd  " -o Debug\TimingGPU.cu.obj "D:\Master\ImageProcessing\GFKM7\TimingGPU.cu"
         
         D:\Master\ImageProcessing\GFKM7>"C:\Program Files\NVIDIA GPU Computing Toolkit\CUDA\v7.0\bin\nvcc.exe" -gencode=arch=compute_20,code=\"sm_20,compute_20\" --use-local-env --cl-version 2012 -ccbin "C:\Program Files (x86)\Microsoft Visual Studio 11.0\VC\bin"  -I"C:\Program Files\NVIDIA GPU Computing Toolkit\CUDA\v7.0\include" -I"C:\Program Files\NVIDIA GPU Computing Toolkit\CUDA\v7.0\include"  -G   --keep-dir Debug -maxrregcount=0  --machine 32 --compile -cudart static  -g   -DWIN32 -D_DEBUG -D_CONSOLE -D_MBCS -D_CRT_SECURE_NO_WARNINGS -Xcompiler "/EHsc /W3 /nologo /Od /Zi /RTC1 /MDd  " -o Debug\TimingGPU.cu.obj "D:\Master\ImageProcessing\GFKM7\TimingGPU.cu" 
         TimingGPU.cu
       ClCompile:
         C:\Program Files (x86)\Microsoft Visual Studio 11.0\VC\bin\CL.exe /c /I"C:\Program Files\NVIDIA GPU Computing Toolkit\CUDA\v7.0\include" /ZI /nologo /W3 /WX- /Od /Oy- /D WIN32 /D _DEBUG /D _CONSOLE /D _MBCS /D _CRT_SECURE_NO_WARNINGS /Gm /EHsc /RTC1 /MDd /GS /fp:precise /Zc:wchar_t /Zc:forScope /Fo"Debug\\" /Fd"Debug\vc110.pdb" /Gd /TP /analyze- /errorReport:prompt GFKM.cpp TimingCPU.cpp Util.cpp
         Util.cpp
         TimingCPU.cpp
         GFKM.cpp
     1>d:\master\imageprocessing\gfkm7\gfkm.cpp(132): warning C4244: 'argument' : conversion from 'double' to 'int', possible loss of data
     1>d:\master\imageprocessing\gfkm7\gfkm.cpp(133): warning C4244: 'argument' : conversion from 'double' to 'int', possible loss of data
         Generating Code...
       Link:
         C:\Program Files (x86)\Microsoft Visual Studio 11.0\VC\bin\link.exe /ERRORREPORT:PROMPT /OUT:"D:\Master\ImageProcessing\GFKM7\Debug\GFKM7.exe" /INCREMENTAL /NOLOGO /LIBPATH:"C:\Program Files\NVIDIA GPU Computing Toolkit\CUDA\v7.0\lib\Win32" cudart.lib kernel32.lib user32.lib gdi32.lib winspool.lib comdlg32.lib advapi32.lib shell32.lib ole32.lib oleaut32.lib uuid.lib odbc32.lib odbccp32.lib kernel32.lib user32.lib gdi32.lib winspool.lib comdlg32.lib advapi32.lib shell32.lib ole32.lib oleaut32.lib uuid.lib odbc32.lib odbccp32.lib /MANIFEST /MANIFESTUAC:"level='asInvoker' uiAccess='false'" /manifest:embed /DEBUG /PDB:"D:\Master\ImageProcessing\GFKM7\Debug\GFKM7.pdb" /SUBSYSTEM:CONSOLE /TLBID:1 /DYNAMICBASE /NXCOMPAT /IMPLIB:"D:\Master\ImageProcessing\GFKM7\Debug\GFKM7.lib" /MACHINE:X86 Debug\GFKM.cu.obj
         Debug\Main.cu.obj
         Debug\TimingGPU.cu.obj
         Debug\GFKM.obj
         Debug\TimingCPU.obj
         Debug\Util.obj
         GFKM7.vcxproj -> D:\Master\ImageProcessing\GFKM7\Debug\GFKM7.exe
       PostBuildEvent:
         echo copy "C:\Program Files\NVIDIA GPU Computing Toolkit\CUDA\v7.0\bin\cudart*.dll" "D:\Master\ImageProcessing\GFKM7\Debug\"
         copy "C:\Program Files\NVIDIA GPU Computing Toolkit\CUDA\v7.0\bin\cudart*.dll" "D:\Master\ImageProcessing\GFKM7\Debug\"
         :VCEnd
         copy "C:\Program Files\NVIDIA GPU Computing Toolkit\CUDA\v7.0\bin\cudart*.dll" "D:\Master\ImageProcessing\GFKM7\Debug\"
         C:\Program Files\NVIDIA GPU Computing Toolkit\CUDA\v7.0\bin\cudart32_70.dll
         C:\Program Files\NVIDIA GPU Computing Toolkit\CUDA\v7.0\bin\cudart64_70.dll
                 2 file(s) copied.
     1>Done Building Project "D:\Master\ImageProcessing\GFKM7\GFKM7.vcxproj" (Rebuild target(s)).

Build succeeded.

Time Elapsed 00:00:24.25
