D:\MASTER\IMAGEPROCESSING\GFKM7\DEBUG\GFKM.OBJ
D:\MASTER\IMAGEPROCESSING\GFKM7\DEBUG\TIMINGCPU.OBJ
D:\MASTER\IMAGEPROCESSING\GFKM7\DEBUG\UTIL.OBJ
D:\MASTER\IMAGEPROCESSING\GFKM7\DEBUG\VC110.PDB
D:\MASTER\IMAGEPROCESSING\GFKM\DEBUG\GFKM7.ILK
D:\MASTER\IMAGEPROCESSING\GFKM\DEBUG\GFKM7.EXE
D:\MASTER\IMAGEPROCESSING\GFKM\DEBUG\GFKM7.PDB
D:\Master\ImageProcessing\GFKM7\Debug\GFKM.cu.cache
D:\Master\ImageProcessing\GFKM7\Debug\Main.cu.cache
D:\Master\ImageProcessing\GFKM7\Debug\TimingGPU.cu.cache
D:\Master\ImageProcessing\GFKM7\Debug\GFKM.cu.obj
D:\Master\ImageProcessing\GFKM7\Debug\Main.cu.obj
D:\Master\ImageProcessing\GFKM7\Debug\TimingGPU.cu.obj
D:\Master\ImageProcessing\GFKM7\Debug\cl.command.1.tlog
D:\Master\ImageProcessing\GFKM7\Debug\CL.read.1.tlog
D:\Master\ImageProcessing\GFKM7\Debug\CL.write.1.tlog
D:\Master\ImageProcessing\GFKM7\Debug\link-cvtres.read.1.tlog
D:\Master\ImageProcessing\GFKM7\Debug\link-cvtres.write.1.tlog
D:\Master\ImageProcessing\GFKM7\Debug\link-rc.read.1.tlog
D:\Master\ImageProcessing\GFKM7\Debug\link-rc.write.1.tlog
D:\Master\ImageProcessing\GFKM7\Debug\link.command.1.tlog
D:\Master\ImageProcessing\GFKM7\Debug\link.read.1.tlog
D:\Master\ImageProcessing\GFKM7\Debug\link.write.1.tlog
D:\Master\ImageProcessing\GFKM7\Debug\vc110.idb
