D:\PROJECTS\CUDA\CUDATUTORIAL\CUDATUTO13\DEBUG\GFKM.OBJ
D:\PROJECTS\CUDA\CUDATUTORIAL\CUDATUTO13\DEBUG\TIMER.OBJ
D:\PROJECTS\CUDA\CUDATUTORIAL\CUDATUTO13\DEBUG\VC110.PDB
D:\PROJECTS\CUDA\CUDATUTORIAL\DEBUG\CUDATUTO13.ILK
D:\PROJECTS\CUDA\CUDATUTORIAL\DEBUG\CUDATUTO13.EXE
D:\PROJECTS\CUDA\CUDATUTORIAL\DEBUG\CUDATUTO13.PDB
D:\Projects\CUDA\CUDATutorial\CUDATuto13\Debug\GFKM.cu.cache
D:\Projects\CUDA\CUDATutorial\CUDATuto13\Debug\kernel.cu.cache
D:\Projects\CUDA\CUDATutorial\CUDATuto13\Debug\GFKM.cu.obj
D:\Projects\CUDA\CUDATutorial\CUDATuto13\Debug\GFKM.obj
D:\Projects\CUDA\CUDATutorial\CUDATuto13\Debug\kernel.cu.obj
D:\Projects\CUDA\CUDATutorial\CUDATuto13\Debug\Timer.obj
D:\Projects\CUDA\CUDATutorial\CUDATuto13\Debug\cl.command.1.tlog
D:\Projects\CUDA\CUDATutorial\CUDATuto13\Debug\CL.read.1.tlog
D:\Projects\CUDA\CUDATutorial\CUDATuto13\Debug\CL.write.1.tlog
D:\Projects\CUDA\CUDATutorial\CUDATuto13\Debug\link-cvtres.read.1.tlog
D:\Projects\CUDA\CUDATutorial\CUDATuto13\Debug\link-cvtres.write.1.tlog
D:\Projects\CUDA\CUDATutorial\CUDATuto13\Debug\link-rc.read.1.tlog
D:\Projects\CUDA\CUDATutorial\CUDATuto13\Debug\link-rc.write.1.tlog
D:\Projects\CUDA\CUDATutorial\CUDATuto13\Debug\link.command.1.tlog
D:\Projects\CUDA\CUDATutorial\CUDATuto13\Debug\link.read.1.tlog
D:\Projects\CUDA\CUDATutorial\CUDATuto13\Debug\link.write.1.tlog
D:\Projects\CUDA\CUDATutorial\CUDATuto13\Debug\vc110.idb
D:\Projects\CUDA\CUDATutorial\CUDATuto13\Debug\vc110.pdb
D:\Projects\CUDA\CUDATutorial\Debug\CUDATuto13.pdb
D:\Projects\CUDA\CUDATutorial\Debug\CUDATuto13.exe
D:\Projects\CUDA\CUDATutorial\Debug\CUDATuto13.ilk
