d:\master\datamining\thesis\metisp\debug\metisp.bsc
d:\master\datamining\thesis\metisp\debug\vc120.pdb
d:\master\datamining\thesis\metisp\debug\vc120.idb
d:\master\datamining\thesis\metisp\debug\transaction.sbr
d:\master\datamining\thesis\metisp\debug\timeintervalrecord1.sbr
d:\master\datamining\thesis\metisp\debug\timeintervalrecord.sbr
d:\master\datamining\thesis\metisp\debug\sequentialdatabase.sbr
d:\master\datamining\thesis\metisp\debug\sequential.sbr
d:\master\datamining\thesis\metisp\debug\metisp.sbr
d:\master\datamining\thesis\metisp\debug\frequentsequence.sbr
d:\master\datamining\thesis\metisp\debug\frequencyitem.sbr
d:\master\datamining\thesis\metisp\debug\frequencyitem.obj
d:\master\datamining\thesis\metisp\debug\frequentsequence.obj
d:\master\datamining\thesis\metisp\debug\metisp.obj
d:\master\datamining\thesis\metisp\debug\sequential.obj
d:\master\datamining\thesis\metisp\debug\sequentialdatabase.obj
d:\master\datamining\thesis\metisp\debug\timeintervalrecord.obj
d:\master\datamining\thesis\metisp\debug\timeintervalrecord1.obj
d:\master\datamining\thesis\metisp\debug\transaction.obj
d:\master\datamining\thesis\metisp\debug\metisp.ilk
d:\master\datamining\thesis\metisp\debug\metisp.exe
d:\master\datamining\thesis\metisp\debug\metisp.pdb
d:\master\datamining\thesis\metisp\.\debug\metisp.exe
d:\master\datamining\thesis\metisp\debug\metisp.tlog\bscmake.command.1.tlog
d:\master\datamining\thesis\metisp\debug\metisp.tlog\bscmake.read.1.tlog
d:\master\datamining\thesis\metisp\debug\metisp.tlog\bscmake.write.1.tlog
d:\master\datamining\thesis\metisp\debug\metisp.tlog\cl.command.1.tlog
d:\master\datamining\thesis\metisp\debug\metisp.tlog\cl.read.1.tlog
d:\master\datamining\thesis\metisp\debug\metisp.tlog\cl.write.1.tlog
d:\master\datamining\thesis\metisp\debug\metisp.tlog\link.command.1.tlog
d:\master\datamining\thesis\metisp\debug\metisp.tlog\link.read.1.tlog
d:\master\datamining\thesis\metisp\debug\metisp.tlog\link.write.1.tlog
