Build started 22/02/2015 15:00:49.
     1>Project "D:\Master\DataMining\thesis\METISP\METISP.vcxproj" on node 2 (Rebuild target(s)).
       Project file contains ToolsVersion="12.0". This toolset may be unknown or missing, in which case you may be able to resolve this by installing the appropriate version of MSBuild, or the build may have been forced to a particular ToolsVersion for policy reasons. Treating the project as if it had ToolsVersion="4.0". For more information, please see http://go.microsoft.com/fwlink/?LinkId=291333.
     1>_PrepareForClean:
         Deleting file ".\Debug\METISP.lastbuildstate".
       InitializeBuildStatus:
         Creating ".\Debug\METISP.unsuccessfulbuild" because "AlwaysCreate" was specified.
       ClCompile:
         C:\Program Files (x86)\Microsoft Visual Studio 11.0\VC\bin\CL.exe /c /ZI /nologo /W3 /WX- /Od /Oy- /D WIN32 /D _DEBUG /D _CONSOLE /D _VC80_UPGRADE=0x0600 /D _MBCS /D _CRT_SECURE_NO_WARNINGS /Gm /EHsc /RTC1 /MTd /GS /Gy- /fp:precise /Zc:wchar_t /Zc:forScope /Fo".\Debug\\" /Fd".\Debug\vc110.pdb" /FR".\Debug\\" /Gd /TP /analyze- /errorReport:prompt frequencyItem.cpp frequentSequence.cpp metisp.cpp Sequential.cpp SequentialDatabase.cpp TimeIntervalRecord.cpp TimeIntervalRecord1.cpp TimeLine.cpp Transaction.cpp
         Transaction.cpp
         TimeLine.cpp
         TimeIntervalRecord1.cpp
         TimeIntervalRecord.cpp
         SequentialDatabase.cpp
     1>d:\master\datamining\thesis\metisp\sequentialdatabase.cpp(43): warning C4018: '<' : signed/unsigned mismatch
     1>d:\master\datamining\thesis\metisp\sequentialdatabase.cpp(45): warning C4018: '<' : signed/unsigned mismatch
     1>d:\master\datamining\thesis\metisp\sequentialdatabase.cpp(47): warning C4018: '<' : signed/unsigned mismatch
     1>d:\master\datamining\thesis\metisp\sequentialdatabase.cpp(57): warning C4018: '<' : signed/unsigned mismatch
     1>d:\master\datamining\thesis\metisp\sequentialdatabase.cpp(162): warning C4018: '<' : signed/unsigned mismatch
     1>d:\master\datamining\thesis\metisp\sequentialdatabase.cpp(164): warning C4018: '<' : signed/unsigned mismatch
     1>d:\master\datamining\thesis\metisp\sequentialdatabase.cpp(170): warning C4018: '<' : signed/unsigned mismatch
     1>d:\master\datamining\thesis\metisp\sequentialdatabase.cpp(161): warning C4101: 'buf' : unreferenced local variable
     1>d:\master\datamining\thesis\metisp\sequentialdatabase.cpp(198): warning C4244: '=' : conversion from 'double' to 'int', possible loss of data
     1>d:\master\datamining\thesis\metisp\sequentialdatabase.cpp(214): warning C4018: '<' : signed/unsigned mismatch
     1>d:\master\datamining\thesis\metisp\sequentialdatabase.cpp(229): warning C4018: '<' : signed/unsigned mismatch
     1>d:\master\datamining\thesis\metisp\sequentialdatabase.cpp(232): warning C4018: '<' : signed/unsigned mismatch
     1>d:\master\datamining\thesis\metisp\sequentialdatabase.cpp(248): warning C4018: '<' : signed/unsigned mismatch
     1>d:\master\datamining\thesis\metisp\sequentialdatabase.cpp(270): warning C4018: '<' : signed/unsigned mismatch
     1>d:\master\datamining\thesis\metisp\sequentialdatabase.cpp(296): warning C4018: '<' : signed/unsigned mismatch
     1>d:\master\datamining\thesis\metisp\sequentialdatabase.cpp(310): warning C4018: '<' : signed/unsigned mismatch
     1>d:\master\datamining\thesis\metisp\sequentialdatabase.cpp(314): warning C4018: '<' : signed/unsigned mismatch
     1>d:\master\datamining\thesis\metisp\sequentialdatabase.cpp(351): warning C4018: '<' : signed/unsigned mismatch
     1>d:\master\datamining\thesis\metisp\sequentialdatabase.cpp(362): warning C4018: '<' : signed/unsigned mismatch
     1>d:\master\datamining\thesis\metisp\sequentialdatabase.cpp(379): warning C4018: '<' : signed/unsigned mismatch
     1>d:\master\datamining\thesis\metisp\sequentialdatabase.cpp(383): warning C4018: '<' : signed/unsigned mismatch
     1>d:\master\datamining\thesis\metisp\sequentialdatabase.cpp(387): warning C4018: '<' : signed/unsigned mismatch
     1>d:\master\datamining\thesis\metisp\sequentialdatabase.cpp(406): warning C4018: '<' : signed/unsigned mismatch
     1>d:\master\datamining\thesis\metisp\sequentialdatabase.cpp(410): warning C4018: '<' : signed/unsigned mismatch
     1>d:\master\datamining\thesis\metisp\sequentialdatabase.cpp(414): warning C4018: '<' : signed/unsigned mismatch
     1>d:\master\datamining\thesis\metisp\sequentialdatabase.cpp(435): warning C4018: '<' : signed/unsigned mismatch
     1>d:\master\datamining\thesis\metisp\sequentialdatabase.cpp(442): warning C4018: '<' : signed/unsigned mismatch
     1>d:\master\datamining\thesis\metisp\sequentialdatabase.cpp(446): warning C4018: '<' : signed/unsigned mismatch
     1>d:\master\datamining\thesis\metisp\sequentialdatabase.cpp(450): warning C4018: '<' : signed/unsigned mismatch
     1>d:\master\datamining\thesis\metisp\sequentialdatabase.cpp(454): warning C4018: '<' : signed/unsigned mismatch
     1>d:\master\datamining\thesis\metisp\sequentialdatabase.cpp(458): warning C4018: '<' : signed/unsigned mismatch
     1>d:\master\datamining\thesis\metisp\sequentialdatabase.cpp(480): warning C4018: '<' : signed/unsigned mismatch
     1>d:\master\datamining\thesis\metisp\sequentialdatabase.cpp(486): warning C4018: '<' : signed/unsigned mismatch
     1>d:\master\datamining\thesis\metisp\sequentialdatabase.cpp(490): warning C4018: '<' : signed/unsigned mismatch
     1>d:\master\datamining\thesis\metisp\sequentialdatabase.cpp(494): warning C4018: '<' : signed/unsigned mismatch
     1>d:\master\datamining\thesis\metisp\sequentialdatabase.cpp(498): warning C4018: '<' : signed/unsigned mismatch
     1>d:\master\datamining\thesis\metisp\sequentialdatabase.cpp(502): warning C4018: '<' : signed/unsigned mismatch
     1>d:\master\datamining\thesis\metisp\sequentialdatabase.cpp(528): warning C4018: '<' : signed/unsigned mismatch
     1>d:\master\datamining\thesis\metisp\sequentialdatabase.cpp(523): warning C4101: 'i' : unreferenced local variable
     1>d:\master\datamining\thesis\metisp\sequentialdatabase.cpp(523): warning C4101: 'j' : unreferenced local variable
     1>d:\master\datamining\thesis\metisp\sequentialdatabase.cpp(565): warning C4018: '<' : signed/unsigned mismatch
     1>d:\master\datamining\thesis\metisp\sequentialdatabase.cpp(580): warning C4018: '<' : signed/unsigned mismatch
     1>d:\master\datamining\thesis\metisp\sequentialdatabase.cpp(608): warning C4018: '<' : signed/unsigned mismatch
     1>d:\master\datamining\thesis\metisp\sequentialdatabase.cpp(614): warning C4018: '<' : signed/unsigned mismatch
     1>d:\master\datamining\thesis\metisp\sequentialdatabase.cpp(622): warning C4018: '<' : signed/unsigned mismatch
     1>d:\master\datamining\thesis\metisp\sequentialdatabase.cpp(634): warning C4018: '<' : signed/unsigned mismatch
     1>d:\master\datamining\thesis\metisp\sequentialdatabase.cpp(639): warning C4018: '<' : signed/unsigned mismatch
     1>d:\master\datamining\thesis\metisp\sequentialdatabase.cpp(643): warning C4018: '<' : signed/unsigned mismatch
     1>d:\master\datamining\thesis\metisp\sequentialdatabase.cpp(662): warning C4018: '<' : signed/unsigned mismatch
     1>d:\master\datamining\thesis\metisp\sequentialdatabase.cpp(667): warning C4018: '<' : signed/unsigned mismatch
     1>d:\master\datamining\thesis\metisp\sequentialdatabase.cpp(671): warning C4018: '<' : signed/unsigned mismatch
     1>d:\master\datamining\thesis\metisp\sequentialdatabase.cpp(693): warning C4018: '<' : signed/unsigned mismatch
     1>d:\master\datamining\thesis\metisp\sequentialdatabase.cpp(698): warning C4018: '<' : signed/unsigned mismatch
     1>d:\master\datamining\thesis\metisp\sequentialdatabase.cpp(715): warning C4018: '<' : signed/unsigned mismatch
     1>d:\master\datamining\thesis\metisp\sequentialdatabase.cpp(730): warning C4018: '<' : signed/unsigned mismatch
     1>d:\master\datamining\thesis\metisp\sequentialdatabase.cpp(743): warning C4018: '<' : signed/unsigned mismatch
     1>d:\master\datamining\thesis\metisp\sequentialdatabase.cpp(764): warning C4018: '<' : signed/unsigned mismatch
         Sequential.cpp
         metisp.cpp
         frequentSequence.cpp
         frequencyItem.cpp
     1>d:\master\datamining\thesis\metisp\frequencyitem.cpp(30): warning C4018: '<' : signed/unsigned mismatch
         Generating Code...
       Link:
         C:\Program Files (x86)\Microsoft Visual Studio 11.0\VC\bin\link.exe /ERRORREPORT:PROMPT /OUT:".\Debug\METISP.exe" /INCREMENTAL /NOLOGO odbc32.lib odbccp32.lib kernel32.lib user32.lib gdi32.lib winspool.lib comdlg32.lib advapi32.lib shell32.lib ole32.lib oleaut32.lib uuid.lib odbc32.lib odbccp32.lib /MANIFEST /MANIFESTUAC:"level='asInvoker' uiAccess='false'" /manifest:embed /DEBUG /PDB:".\Debug\METISP.pdb" /SUBSYSTEM:CONSOLE /TLBID:1 /DYNAMICBASE /NXCOMPAT /IMPLIB:".\Debug\METISP.lib" /MACHINE:X86 /SAFESEH .\Debug\frequencyItem.obj
         .\Debug\frequentSequence.obj
         .\Debug\metisp.obj
         .\Debug\Sequential.obj
         .\Debug\SequentialDatabase.obj
         .\Debug\TimeIntervalRecord.obj
         .\Debug\TimeIntervalRecord1.obj
         .\Debug\TimeLine.obj
         .\Debug\Transaction.obj
     1>frequencyItem.obj : warning LNK4075: ignoring '/EDITANDCONTINUE' due to '/SAFESEH' specification
         METISP.vcxproj -> D:\Master\DataMining\thesis\METISP\.\Debug\METISP.exe
       BscMake:
         C:\Program Files (x86)\Microsoft Visual Studio 11.0\VC\bin\bscmake.exe /nologo /o".\Debug\METISP.bsc" .\Debug\frequencyItem.sbr .\Debug\frequentSequence.sbr .\Debug\metisp.sbr .\Debug\Sequential.sbr .\Debug\SequentialDatabase.sbr .\Debug\TimeIntervalRecord.sbr .\Debug\TimeIntervalRecord1.sbr .\Debug\TimeLine.sbr .\Debug\Transaction.sbr
       FinalizeBuildStatus:
         Deleting file ".\Debug\METISP.unsuccessfulbuild".
         Touching ".\Debug\METISP.lastbuildstate".
     1>Done Building Project "D:\Master\DataMining\thesis\METISP\METISP.vcxproj" (Rebuild target(s)).

Build succeeded.

Time Elapsed 00:00:04.36
