D:\MASTER\IMAGEPROCESSING\GFKM7\X64\RELEASE\UTIL.OBJ
D:\MASTER\IMAGEPROCESSING\GFKM7\X64\RELEASE\TIMINGCPU.OBJ
D:\MASTER\IMAGEPROCESSING\GFKM7\X64\RELEASE\GFKM.OBJ
D:\MASTER\IMAGEPROCESSING\GFKM7\X64\RELEASE\VC110.PDB
D:\MASTER\IMAGEPROCESSING\GFKM\X64\RELEASE\GFKM7.EXE
D:\MASTER\IMAGEPROCESSING\GFKM\X64\RELEASE\GFKM7.PDB
D:\Master\ImageProcessing\GFKM7\x64\Release\GFKM.cu.cache
D:\Master\ImageProcessing\GFKM7\x64\Release\Main.cu.cache
D:\Master\ImageProcessing\GFKM7\x64\Release\TimingGPU.cu.cache
D:\Master\ImageProcessing\GFKM7\x64\Release\GFKM.cu.obj
D:\Master\ImageProcessing\GFKM7\x64\Release\Main.cu.obj
D:\Master\ImageProcessing\GFKM7\x64\Release\TimingGPU.cu.obj
D:\Master\ImageProcessing\GFKM7\x64\Release\cl.command.1.tlog
D:\Master\ImageProcessing\GFKM7\x64\Release\CL.read.1.tlog
D:\Master\ImageProcessing\GFKM7\x64\Release\CL.write.1.tlog
D:\Master\ImageProcessing\GFKM7\x64\Release\link-cvtres.read.1.tlog
D:\Master\ImageProcessing\GFKM7\x64\Release\link-cvtres.write.1.tlog
D:\Master\ImageProcessing\GFKM7\x64\Release\link-rc.read.1.tlog
D:\Master\ImageProcessing\GFKM7\x64\Release\link-rc.write.1.tlog
D:\Master\ImageProcessing\GFKM7\x64\Release\link.command.1.tlog
D:\Master\ImageProcessing\GFKM7\x64\Release\link.read.1.tlog
D:\Master\ImageProcessing\GFKM7\x64\Release\link.write.1.tlog
