D:\PROJECTS\MASTER-NTOU\IMAGEPROCESSING\GFKM\RELEASE\UTIL.OBJ
D:\PROJECTS\MASTER-NTOU\IMAGEPROCESSING\GFKM\RELEASE\TIMINGCPU.OBJ
D:\PROJECTS\MASTER-NTOU\IMAGEPROCESSING\GFKM\RELEASE\GFKM.OBJ
D:\PROJECTS\MASTER-NTOU\IMAGEPROCESSING\GFKM\RELEASE\VC110.PDB
D:\PROJECTS\MASTER-NTOU\IMAGEPROCESSING\GFKM\RELEASE\GFKM.EXE
D:\PROJECTS\MASTER-NTOU\IMAGEPROCESSING\GFKM\RELEASE\GFKM.PDB
D:\Projects\master-ntou\ImageProcessing\GFKM\Release\GFKM.cu.cache
D:\Projects\master-ntou\ImageProcessing\GFKM\Release\main.cu.cache
D:\Projects\master-ntou\ImageProcessing\GFKM\Release\TimingGPU.cu.cache
D:\Projects\master-ntou\ImageProcessing\GFKM\Release\GFKM.cu.obj
D:\Projects\master-ntou\ImageProcessing\GFKM\Release\GFKM.obj
D:\Projects\master-ntou\ImageProcessing\GFKM\Release\main.cu.obj
D:\Projects\master-ntou\ImageProcessing\GFKM\Release\TimingCPU.obj
D:\Projects\master-ntou\ImageProcessing\GFKM\Release\TimingGPU.cu.obj
D:\Projects\master-ntou\ImageProcessing\GFKM\Release\Util.obj
D:\Projects\master-ntou\ImageProcessing\GFKM\Release\cl.command.1.tlog
D:\Projects\master-ntou\ImageProcessing\GFKM\Release\CL.read.1.tlog
D:\Projects\master-ntou\ImageProcessing\GFKM\Release\CL.write.1.tlog
D:\Projects\master-ntou\ImageProcessing\GFKM\Release\link-cvtres.read.1.tlog
D:\Projects\master-ntou\ImageProcessing\GFKM\Release\link-cvtres.write.1.tlog
D:\Projects\master-ntou\ImageProcessing\GFKM\Release\link-rc.read.1.tlog
D:\Projects\master-ntou\ImageProcessing\GFKM\Release\link-rc.write.1.tlog
D:\Projects\master-ntou\ImageProcessing\GFKM\Release\link.command.1.tlog
D:\Projects\master-ntou\ImageProcessing\GFKM\Release\link.read.1.tlog
D:\Projects\master-ntou\ImageProcessing\GFKM\Release\link.write.1.tlog
D:\Projects\master-ntou\ImageProcessing\GFKM\Release\GFKM.pdb
D:\Projects\master-ntou\ImageProcessing\GFKM\Release\vc110.pdb
D:\Projects\master-ntou\ImageProcessing\GFKM\Release\GFKM.exe
