Build started 2/28/2015 10:26:48 PM.
     1>Project "D:\Master\DataMining\thesis\mfsputc(1030)\mfsputc.vcxproj" on node 2 (Rebuild target(s)).
     1>ClCompile:
         C:\Program Files (x86)\Microsoft Visual Studio 12.0\VC\bin\CL.exe /c /ZI /nologo /W3 /WX- /Od /Oy- /D WIN32 /D _DEBUG /D _CONSOLE /D _VC80_UPGRADE=0x0600 /D _MBCS /D _CRT_SECURE_NO_WARNINGS /Gm /EHsc /RTC1 /MTd /GS /Gy- /fp:precise /Zc:wchar_t /Zc:forScope /Fo".\Debug\\" /Fd".\Debug\vc120.pdb" /FR".\Debug\\" /Gd /TP /analyze- /errorReport:prompt Element.cpp frequencyPattern.cpp frequentSequence.cpp mfsputc.cpp Sequential.cpp SequentialDatabase.cpp TimeIntervalRecord.cpp TimeIntervalRecord1.cpp TimeLine.cpp Transaction.cpp
         Transaction.cpp
         TimeLine.cpp
         TimeIntervalRecord1.cpp
         TimeIntervalRecord.cpp
         SequentialDatabase.cpp
     1>d:\master\datamining\thesis\mfsputc(1030)\sequentialdatabase.cpp(55): warning C4018: '<' : signed/unsigned mismatch
     1>d:\master\datamining\thesis\mfsputc(1030)\sequentialdatabase.cpp(71): warning C4018: '<' : signed/unsigned mismatch
     1>d:\master\datamining\thesis\mfsputc(1030)\sequentialdatabase.cpp(74): warning C4018: '<' : signed/unsigned mismatch
     1>d:\master\datamining\thesis\mfsputc(1030)\sequentialdatabase.cpp(88): warning C4018: '<' : signed/unsigned mismatch
     1>d:\master\datamining\thesis\mfsputc(1030)\sequentialdatabase.cpp(98): warning C4018: '<' : signed/unsigned mismatch
     1>d:\master\datamining\thesis\mfsputc(1030)\sequentialdatabase.cpp(121): warning C4018: '<' : signed/unsigned mismatch
     1>d:\master\datamining\thesis\mfsputc(1030)\sequentialdatabase.cpp(125): warning C4018: '<' : signed/unsigned mismatch
     1>d:\master\datamining\thesis\mfsputc(1030)\sequentialdatabase.cpp(144): warning C4018: '<' : signed/unsigned mismatch
     1>d:\master\datamining\thesis\mfsputc(1030)\sequentialdatabase.cpp(159): warning C4018: '<' : signed/unsigned mismatch
     1>d:\master\datamining\thesis\mfsputc(1030)\sequentialdatabase.cpp(174): warning C4018: '<' : signed/unsigned mismatch
     1>d:\master\datamining\thesis\mfsputc(1030)\sequentialdatabase.cpp(201): warning C4018: '<' : signed/unsigned mismatch
     1>d:\master\datamining\thesis\mfsputc(1030)\sequentialdatabase.cpp(206): warning C4018: '<' : signed/unsigned mismatch
     1>d:\master\datamining\thesis\mfsputc(1030)\sequentialdatabase.cpp(212): warning C4018: '<' : signed/unsigned mismatch
     1>d:\master\datamining\thesis\mfsputc(1030)\sequentialdatabase.cpp(235): warning C4018: '<' : signed/unsigned mismatch
     1>d:\master\datamining\thesis\mfsputc(1030)\sequentialdatabase.cpp(239): warning C4018: '<' : signed/unsigned mismatch
     1>d:\master\datamining\thesis\mfsputc(1030)\sequentialdatabase.cpp(248): warning C4018: '<' : signed/unsigned mismatch
     1>d:\master\datamining\thesis\mfsputc(1030)\sequentialdatabase.cpp(271): warning C4018: '<' : signed/unsigned mismatch
     1>d:\master\datamining\thesis\mfsputc(1030)\sequentialdatabase.cpp(275): warning C4018: '<' : signed/unsigned mismatch
     1>d:\master\datamining\thesis\mfsputc(1030)\sequentialdatabase.cpp(292): warning C4018: '<' : signed/unsigned mismatch
     1>d:\master\datamining\thesis\mfsputc(1030)\sequentialdatabase.cpp(307): warning C4018: '<' : signed/unsigned mismatch
     1>d:\master\datamining\thesis\mfsputc(1030)\sequentialdatabase.cpp(330): warning C4018: '<' : signed/unsigned mismatch
     1>d:\master\datamining\thesis\mfsputc(1030)\sequentialdatabase.cpp(349): warning C4018: '<' : signed/unsigned mismatch
     1>d:\master\datamining\thesis\mfsputc(1030)\sequentialdatabase.cpp(371): warning C4018: '<' : signed/unsigned mismatch
     1>d:\master\datamining\thesis\mfsputc(1030)\sequentialdatabase.cpp(403): warning C4018: '<' : signed/unsigned mismatch
     1>d:\master\datamining\thesis\mfsputc(1030)\sequentialdatabase.cpp(440): warning C4018: '<' : signed/unsigned mismatch
     1>d:\master\datamining\thesis\mfsputc(1030)\sequentialdatabase.cpp(449): warning C4018: '<' : signed/unsigned mismatch
     1>d:\master\datamining\thesis\mfsputc(1030)\sequentialdatabase.cpp(460): warning C4018: '<' : signed/unsigned mismatch
     1>d:\master\datamining\thesis\mfsputc(1030)\sequentialdatabase.cpp(466): warning C4018: '<' : signed/unsigned mismatch
     1>d:\master\datamining\thesis\mfsputc(1030)\sequentialdatabase.cpp(497): warning C4018: '<' : signed/unsigned mismatch
     1>d:\master\datamining\thesis\mfsputc(1030)\sequentialdatabase.cpp(503): warning C4018: '<' : signed/unsigned mismatch
     1>d:\master\datamining\thesis\mfsputc(1030)\sequentialdatabase.cpp(514): warning C4018: '<' : signed/unsigned mismatch
     1>d:\master\datamining\thesis\mfsputc(1030)\sequentialdatabase.cpp(522): warning C4018: '<' : signed/unsigned mismatch
     1>d:\master\datamining\thesis\mfsputc(1030)\sequentialdatabase.cpp(564): warning C4018: '<' : signed/unsigned mismatch
     1>d:\master\datamining\thesis\mfsputc(1030)\sequentialdatabase.cpp(570): warning C4018: '<' : signed/unsigned mismatch
     1>d:\master\datamining\thesis\mfsputc(1030)\sequentialdatabase.cpp(581): warning C4018: '<' : signed/unsigned mismatch
     1>d:\master\datamining\thesis\mfsputc(1030)\sequentialdatabase.cpp(613): warning C4018: '<' : signed/unsigned mismatch
     1>d:\master\datamining\thesis\mfsputc(1030)\sequentialdatabase.cpp(653): warning C4018: '<' : signed/unsigned mismatch
     1>d:\master\datamining\thesis\mfsputc(1030)\sequentialdatabase.cpp(665): warning C4018: '<' : signed/unsigned mismatch
     1>d:\master\datamining\thesis\mfsputc(1030)\sequentialdatabase.cpp(668): warning C4018: '<' : signed/unsigned mismatch
     1>d:\master\datamining\thesis\mfsputc(1030)\sequentialdatabase.cpp(700): warning C4018: '<' : signed/unsigned mismatch
     1>d:\master\datamining\thesis\mfsputc(1030)\sequentialdatabase.cpp(703): warning C4018: '<' : signed/unsigned mismatch
     1>d:\master\datamining\thesis\mfsputc(1030)\sequentialdatabase.cpp(733): warning C4018: '<' : signed/unsigned mismatch
     1>d:\master\datamining\thesis\mfsputc(1030)\sequentialdatabase.cpp(737): warning C4018: '<' : signed/unsigned mismatch
     1>d:\master\datamining\thesis\mfsputc(1030)\sequentialdatabase.cpp(756): warning C4018: '<' : signed/unsigned mismatch
     1>d:\master\datamining\thesis\mfsputc(1030)\sequentialdatabase.cpp(764): warning C4018: '<' : signed/unsigned mismatch
     1>d:\master\datamining\thesis\mfsputc(1030)\sequentialdatabase.cpp(797): warning C4018: '<' : signed/unsigned mismatch
     1>d:\master\datamining\thesis\mfsputc(1030)\sequentialdatabase.cpp(800): warning C4018: '<' : signed/unsigned mismatch
     1>d:\master\datamining\thesis\mfsputc(1030)\sequentialdatabase.cpp(832): warning C4018: '<' : signed/unsigned mismatch
     1>d:\master\datamining\thesis\mfsputc(1030)\sequentialdatabase.cpp(841): warning C4018: '<' : signed/unsigned mismatch
     1>d:\master\datamining\thesis\mfsputc(1030)\sequentialdatabase.cpp(844): warning C4018: '<' : signed/unsigned mismatch
     1>d:\master\datamining\thesis\mfsputc(1030)\sequentialdatabase.cpp(858): warning C4018: '<' : signed/unsigned mismatch
     1>d:\master\datamining\thesis\mfsputc(1030)\sequentialdatabase.cpp(875): warning C4018: '<' : signed/unsigned mismatch
     1>d:\master\datamining\thesis\mfsputc(1030)\sequentialdatabase.cpp(892): warning C4018: '<' : signed/unsigned mismatch
     1>d:\master\datamining\thesis\mfsputc(1030)\sequentialdatabase.cpp(907): warning C4018: '<' : signed/unsigned mismatch
     1>d:\master\datamining\thesis\mfsputc(1030)\sequentialdatabase.cpp(993): warning C4018: '<' : signed/unsigned mismatch
     1>d:\master\datamining\thesis\mfsputc(1030)\sequentialdatabase.cpp(1001): warning C4018: '<' : signed/unsigned mismatch
     1>d:\master\datamining\thesis\mfsputc(1030)\sequentialdatabase.cpp(1108): warning C4244: '=' : conversion from 'double' to 'int', possible loss of data
     1>d:\master\datamining\thesis\mfsputc(1030)\sequentialdatabase.cpp(1112): warning C4018: '<' : signed/unsigned mismatch
     1>d:\master\datamining\thesis\mfsputc(1030)\sequentialdatabase.cpp(1114): warning C4018: '<' : signed/unsigned mismatch
     1>d:\master\datamining\thesis\mfsputc(1030)\sequentialdatabase.cpp(1124): warning C4018: '<' : signed/unsigned mismatch
     1>d:\master\datamining\thesis\mfsputc(1030)\sequentialdatabase.cpp(1178): warning C4018: '<' : signed/unsigned mismatch
     1>d:\master\datamining\thesis\mfsputc(1030)\sequentialdatabase.cpp(1185): warning C4018: '<' : signed/unsigned mismatch
     1>d:\master\datamining\thesis\mfsputc(1030)\sequentialdatabase.cpp(1209): warning C4018: '<' : signed/unsigned mismatch
     1>d:\master\datamining\thesis\mfsputc(1030)\sequentialdatabase.cpp(1206): warning C4101: 'k' : unreferenced local variable
     1>d:\master\datamining\thesis\mfsputc(1030)\sequentialdatabase.cpp(1229): warning C4018: '<' : signed/unsigned mismatch
     1>d:\master\datamining\thesis\mfsputc(1030)\sequentialdatabase.cpp(1249): warning C4018: '<' : signed/unsigned mismatch
     1>d:\master\datamining\thesis\mfsputc(1030)\sequentialdatabase.cpp(1269): warning C4018: '<' : signed/unsigned mismatch
     1>d:\master\datamining\thesis\mfsputc(1030)\sequentialdatabase.cpp(1289): warning C4018: '<' : signed/unsigned mismatch
     1>d:\master\datamining\thesis\mfsputc(1030)\sequentialdatabase.cpp(1303): warning C4018: '<' : signed/unsigned mismatch
     1>d:\master\datamining\thesis\mfsputc(1030)\sequentialdatabase.cpp(1315): warning C4018: '<' : signed/unsigned mismatch
     1>d:\master\datamining\thesis\mfsputc(1030)\sequentialdatabase.cpp(1319): warning C4018: '<' : signed/unsigned mismatch
     1>d:\master\datamining\thesis\mfsputc(1030)\sequentialdatabase.cpp(1321): warning C4018: '<' : signed/unsigned mismatch
         Sequential.cpp
         mfsputc.cpp
     1>d:\master\datamining\thesis\mfsputc(1030)\mfsputc.cpp(45): warning C4101: 'timeinfo' : unreferenced local variable
         frequentSequence.cpp
     1>d:\master\datamining\thesis\mfsputc(1030)\frequentsequence.cpp(24): warning C4018: '<' : signed/unsigned mismatch
     1>d:\master\datamining\thesis\mfsputc(1030)\frequentsequence.cpp(27): warning C4018: '<' : signed/unsigned mismatch
         frequencyPattern.cpp
     1>d:\master\datamining\thesis\mfsputc(1030)\frequencypattern.cpp(30): warning C4018: '<' : signed/unsigned mismatch
     1>d:\master\datamining\thesis\mfsputc(1030)\frequencypattern.cpp(38): warning C4018: '<' : signed/unsigned mismatch
     1>d:\master\datamining\thesis\mfsputc(1030)\frequencypattern.cpp(94): warning C4018: '<' : signed/unsigned mismatch
         Element.cpp
     1>d:\master\datamining\thesis\mfsputc(1030)\element.cpp(25): warning C4018: '<' : signed/unsigned mismatch
         Generating Code...
       Link:
         C:\Program Files (x86)\Microsoft Visual Studio 12.0\VC\bin\link.exe /ERRORREPORT:PROMPT /OUT:".\Debug\mfsputc.exe" /INCREMENTAL /NOLOGO odbc32.lib odbccp32.lib kernel32.lib user32.lib gdi32.lib winspool.lib comdlg32.lib advapi32.lib shell32.lib ole32.lib oleaut32.lib uuid.lib odbc32.lib odbccp32.lib /MANIFEST /MANIFESTUAC:"level='asInvoker' uiAccess='false'" /manifest:embed /DEBUG /PDB:".\Debug\mfsputc.pdb" /SUBSYSTEM:CONSOLE /TLBID:1 /DYNAMICBASE /NXCOMPAT /IMPLIB:".\Debug\mfsputc.lib" /MACHINE:X86 /SAFESEH:NO .\Debug\Element.obj
         .\Debug\frequencyPattern.obj
         .\Debug\frequentSequence.obj
         .\Debug\mfsputc.obj
         .\Debug\Sequential.obj
         .\Debug\SequentialDatabase.obj
         .\Debug\TimeIntervalRecord.obj
         .\Debug\TimeIntervalRecord1.obj
         .\Debug\TimeLine.obj
         .\Debug\Transaction.obj
         mfsputc.vcxproj -> D:\Master\DataMining\thesis\mfsputc(1030)\.\Debug\mfsputc.exe
       BscMake:
         C:\Program Files (x86)\Microsoft Visual Studio 12.0\VC\bin\bscmake.exe /nologo /o".\Debug\mfsputc.bsc" .\Debug\Element.sbr .\Debug\frequencyPattern.sbr .\Debug\frequentSequence.sbr .\Debug\mfsputc.sbr .\Debug\Sequential.sbr .\Debug\SequentialDatabase.sbr .\Debug\TimeIntervalRecord.sbr .\Debug\TimeIntervalRecord1.sbr .\Debug\TimeLine.sbr .\Debug\Transaction.sbr
     1>Done Building Project "D:\Master\DataMining\thesis\mfsputc(1030)\mfsputc.vcxproj" (Rebuild target(s)).

Build succeeded.

Time Elapsed 00:00:05.47
